[0.469s] Invoking command in '/home/vatshvan/GahanAi_GNSS_DR_IMU/build/state_estimator': PYTHONPATH=/home/vatshvan/GahanAi_GNSS_DR_IMU/build/state_estimator/prefix_override:/usr/lib/python3/dist-packages/colcon_core/task/python/colcon_distutils_commands:/home/vatshvan/GahanAi_GNSS_DR_IMU/install/state_estimator/lib/python3.10/site-packages:${PYTHONPATH} /usr/bin/python3 -W ignore:setup.py install is deprecated -W ignore:easy_install command is deprecated setup.py develop --uninstall --editable --build-directory /home/vatshvan/GahanAi_GNSS_DR_IMU/build/state_estimator/build
[0.659s] running develop
[0.787s] Removing /home/vatshvan/GahanAi_GNSS_DR_IMU/install/state_estimator/lib/python3.10/site-packages/state-estimator.egg-link (link to .)
[0.807s] Invoked command in '/home/vatshvan/GahanAi_GNSS_DR_IMU/build/state_estimator' returned '0': PYTHONPATH=/home/vatshvan/GahanAi_GNSS_DR_IMU/build/state_estimator/prefix_override:/usr/lib/python3/dist-packages/colcon_core/task/python/colcon_distutils_commands:/home/vatshvan/GahanAi_GNSS_DR_IMU/install/state_estimator/lib/python3.10/site-packages:${PYTHONPATH} /usr/bin/python3 -W ignore:setup.py install is deprecated -W ignore:easy_install command is deprecated setup.py develop --uninstall --editable --build-directory /home/vatshvan/GahanAi_GNSS_DR_IMU/build/state_estimator/build
[0.807s] Invoking command in '/home/vatshvan/GahanAi_GNSS_DR_IMU/state_estimator': PYTHONPATH=/home/vatshvan/GahanAi_GNSS_DR_IMU/build/state_estimator/prefix_override:/usr/lib/python3/dist-packages/colcon_core/task/python/colcon_distutils_commands:/home/vatshvan/GahanAi_GNSS_DR_IMU/install/state_estimator/lib/python3.10/site-packages:${PYTHONPATH} /usr/bin/python3 -W ignore:setup.py install is deprecated -W ignore:easy_install command is deprecated setup.py egg_info --egg-base ../build/state_estimator build --build-base /home/vatshvan/GahanAi_GNSS_DR_IMU/build/state_estimator/build install --record /home/vatshvan/GahanAi_GNSS_DR_IMU/build/state_estimator/install.log --single-version-externally-managed install_data --force
[0.956s] running egg_info
[0.965s] writing ../build/state_estimator/state_estimator.egg-info/PKG-INFO
[0.966s] writing dependency_links to ../build/state_estimator/state_estimator.egg-info/dependency_links.txt
[0.966s] writing entry points to ../build/state_estimator/state_estimator.egg-info/entry_points.txt
[0.966s] writing requirements to ../build/state_estimator/state_estimator.egg-info/requires.txt
[0.966s] writing top-level names to ../build/state_estimator/state_estimator.egg-info/top_level.txt
[0.985s] reading manifest file '../build/state_estimator/state_estimator.egg-info/SOURCES.txt'
[0.986s] writing manifest file '../build/state_estimator/state_estimator.egg-info/SOURCES.txt'
[0.986s] running build
[0.986s] running build_py
[0.987s] copying state_estimator/ekf_ros_node.py -> /home/vatshvan/GahanAi_GNSS_DR_IMU/build/state_estimator/build/lib/state_estimator
[0.987s] copying state_estimator/ekf_core.py -> /home/vatshvan/GahanAi_GNSS_DR_IMU/build/state_estimator/build/lib/state_estimator
[0.987s] running install
[0.989s] running install_lib
[0.998s] creating /home/vatshvan/GahanAi_GNSS_DR_IMU/install/state_estimator/lib/python3.10/site-packages/state_estimator
[0.998s] copying /home/vatshvan/GahanAi_GNSS_DR_IMU/build/state_estimator/build/lib/state_estimator/ekf_ros_node.py -> /home/vatshvan/GahanAi_GNSS_DR_IMU/install/state_estimator/lib/python3.10/site-packages/state_estimator
[0.998s] copying /home/vatshvan/GahanAi_GNSS_DR_IMU/build/state_estimator/build/lib/state_estimator/ekf_sim.py -> /home/vatshvan/GahanAi_GNSS_DR_IMU/install/state_estimator/lib/python3.10/site-packages/state_estimator
[0.998s] copying /home/vatshvan/GahanAi_GNSS_DR_IMU/build/state_estimator/build/lib/state_estimator/ekf_core.py -> /home/vatshvan/GahanAi_GNSS_DR_IMU/install/state_estimator/lib/python3.10/site-packages/state_estimator
[0.998s] copying /home/vatshvan/GahanAi_GNSS_DR_IMU/build/state_estimator/build/lib/state_estimator/__init__.py -> /home/vatshvan/GahanAi_GNSS_DR_IMU/install/state_estimator/lib/python3.10/site-packages/state_estimator
[0.998s] byte-compiling /home/vatshvan/GahanAi_GNSS_DR_IMU/install/state_estimator/lib/python3.10/site-packages/state_estimator/ekf_ros_node.py to ekf_ros_node.cpython-310.pyc
[0.999s] byte-compiling /home/vatshvan/GahanAi_GNSS_DR_IMU/install/state_estimator/lib/python3.10/site-packages/state_estimator/ekf_sim.py to ekf_sim.cpython-310.pyc
[1.000s] byte-compiling /home/vatshvan/GahanAi_GNSS_DR_IMU/install/state_estimator/lib/python3.10/site-packages/state_estimator/ekf_core.py to ekf_core.cpython-310.pyc
[1.000s] byte-compiling /home/vatshvan/GahanAi_GNSS_DR_IMU/install/state_estimator/lib/python3.10/site-packages/state_estimator/__init__.py to __init__.cpython-310.pyc
[1.000s] running install_data
[1.000s] copying resource/state_estimator -> /home/vatshvan/GahanAi_GNSS_DR_IMU/install/state_estimator/share/ament_index/resource_index/packages
[1.000s] copying package.xml -> /home/vatshvan/GahanAi_GNSS_DR_IMU/install/state_estimator/share/state_estimator
[1.000s] copying launch/ekf_vehicle_launch.py -> /home/vatshvan/GahanAi_GNSS_DR_IMU/install/state_estimator/share/state_estimator/launch
[1.001s] copying config/ekf_params.yaml -> /home/vatshvan/GahanAi_GNSS_DR_IMU/install/state_estimator/share/state_estimator/config
[1.001s] running install_egg_info
[1.010s] Copying ../build/state_estimator/state_estimator.egg-info to /home/vatshvan/GahanAi_GNSS_DR_IMU/install/state_estimator/lib/python3.10/site-packages/state_estimator-0.0.0-py3.10.egg-info
[1.010s] running install_scripts
[1.082s] Installing ekf_node script to /home/vatshvan/GahanAi_GNSS_DR_IMU/install/state_estimator/lib/state_estimator
[1.082s] writing list of installed files to '/home/vatshvan/GahanAi_GNSS_DR_IMU/build/state_estimator/install.log'
[1.098s] Invoked command in '/home/vatshvan/GahanAi_GNSS_DR_IMU/state_estimator' returned '0': PYTHONPATH=/home/vatshvan/GahanAi_GNSS_DR_IMU/build/state_estimator/prefix_override:/usr/lib/python3/dist-packages/colcon_core/task/python/colcon_distutils_commands:/home/vatshvan/GahanAi_GNSS_DR_IMU/install/state_estimator/lib/python3.10/site-packages:${PYTHONPATH} /usr/bin/python3 -W ignore:setup.py install is deprecated -W ignore:easy_install command is deprecated setup.py egg_info --egg-base ../build/state_estimator build --build-base /home/vatshvan/GahanAi_GNSS_DR_IMU/build/state_estimator/build install --record /home/vatshvan/GahanAi_GNSS_DR_IMU/build/state_estimator/install.log --single-version-externally-managed install_data --force
