[0.110s] DEBUG:colcon:Command line arguments: ['/usr/bin/colcon', 'build', '--symlink-install']
[0.110s] DEBUG:colcon:Parsed command line arguments: Namespace(log_base=None, log_level=None, verb_name='build', build_base='build', install_base='install', merge_install=False, symlink_install=True, test_result_base=None, continue_on_error=False, executor='parallel', parallel_workers=12, event_handlers=None, ignore_user_meta=False, metas=['./colcon.meta'], base_paths=['.'], packages_ignore=None, packages_ignore_regex=None, paths=None, packages_up_to=None, packages_up_to_regex=None, packages_above=None, packages_above_and_dependencies=None, packages_above_depth=None, packages_select_by_dep=None, packages_skip_by_dep=None, packages_skip_up_to=None, packages_select_build_failed=False, packages_skip_build_finished=False, packages_select_test_failures=False, packages_skip_test_passed=False, packages_select=None, packages_skip=None, packages_select_regex=None, packages_skip_regex=None, packages_start=None, packages_end=None, allow_overriding=[], cmake_args=None, cmake_target=None, cmake_target_skip_unavailable=False, cmake_clean_cache=False, cmake_clean_first=False, cmake_force_configure=False, ament_cmake_args=None, catkin_cmake_args=None, catkin_skip_building_tests=False, mixin_files=None, mixin=None, verb_parser=<colcon_mixin.mixin.mixin_argument.MixinArgumentDecorator object at 0x777ec7b775e0>, verb_extension=<colcon_core.verb.build.BuildVerb object at 0x777ec7cb4550>, main=<bound method BuildVerb.main of <colcon_core.verb.build.BuildVerb object at 0x777ec7cb4550>>, mixin_verb=('build',))
[0.144s] Level 1:colcon.colcon_core.package_discovery:discover_packages(colcon_meta) check parameters
[0.144s] Level 1:colcon.colcon_core.package_discovery:discover_packages(recursive) check parameters
[0.144s] Level 1:colcon.colcon_core.package_discovery:discover_packages(ignore) check parameters
[0.144s] Level 1:colcon.colcon_core.package_discovery:discover_packages(path) check parameters
[0.144s] Level 1:colcon.colcon_core.package_discovery:discover_packages(colcon_meta) discover
[0.144s] Level 1:colcon.colcon_core.package_discovery:discover_packages(recursive) discover
[0.144s] INFO:colcon.colcon_core.package_discovery:Crawling recursively for packages in '/home/vatshvan/GahanAi_GNSS_DR_IMU/state_estimator'
[0.144s] Level 1:colcon.colcon_core.package_identification:_identify(.) by extensions ['ignore', 'ignore_ament_install']
[0.144s] Level 1:colcon.colcon_core.package_identification:_identify(.) by extension 'ignore'
[0.144s] Level 1:colcon.colcon_core.package_identification:_identify(.) by extension 'ignore_ament_install'
[0.144s] Level 1:colcon.colcon_core.package_identification:_identify(.) by extensions ['colcon_pkg']
[0.144s] Level 1:colcon.colcon_core.package_identification:_identify(.) by extension 'colcon_pkg'
[0.144s] Level 1:colcon.colcon_core.package_identification:_identify(.) by extensions ['colcon_meta']
[0.144s] Level 1:colcon.colcon_core.package_identification:_identify(.) by extension 'colcon_meta'
[0.144s] Level 1:colcon.colcon_core.package_identification:_identify(.) by extensions ['ros']
[0.144s] Level 1:colcon.colcon_core.package_identification:_identify(.) by extension 'ros'
[0.155s] DEBUG:colcon.colcon_core.package_identification:Package '.' with type 'ros.ament_python' and name 'state_estimator'
[0.156s] Level 1:colcon.colcon_core.package_discovery:discover_packages(recursive) using defaults
[0.156s] Level 1:colcon.colcon_core.package_discovery:discover_packages(ignore) discover
[0.156s] Level 1:colcon.colcon_core.package_discovery:discover_packages(ignore) using defaults
[0.156s] Level 1:colcon.colcon_core.package_discovery:discover_packages(path) discover
[0.156s] Level 1:colcon.colcon_core.package_discovery:discover_packages(path) using defaults
[0.170s] Level 1:colcon.colcon_core.package_discovery:discover_packages(prefix_path) check parameters
[0.170s] Level 1:colcon.colcon_core.package_discovery:discover_packages(prefix_path) discover
[0.172s] DEBUG:colcon.colcon_installed_package_information.package_discovery:Found 342 installed packages in /opt/ros/humble
[0.173s] Level 1:colcon.colcon_core.package_discovery:discover_packages(prefix_path) using defaults
[0.195s] Level 5:colcon.colcon_core.verb:set package 'state_estimator' build argument 'cmake_args' from command line to 'None'
[0.195s] Level 5:colcon.colcon_core.verb:set package 'state_estimator' build argument 'cmake_target' from command line to 'None'
[0.195s] Level 5:colcon.colcon_core.verb:set package 'state_estimator' build argument 'cmake_target_skip_unavailable' from command line to 'False'
[0.195s] Level 5:colcon.colcon_core.verb:set package 'state_estimator' build argument 'cmake_clean_cache' from command line to 'False'
[0.195s] Level 5:colcon.colcon_core.verb:set package 'state_estimator' build argument 'cmake_clean_first' from command line to 'False'
[0.195s] Level 5:colcon.colcon_core.verb:set package 'state_estimator' build argument 'cmake_force_configure' from command line to 'False'
[0.195s] Level 5:colcon.colcon_core.verb:set package 'state_estimator' build argument 'ament_cmake_args' from command line to 'None'
[0.195s] Level 5:colcon.colcon_core.verb:set package 'state_estimator' build argument 'catkin_cmake_args' from command line to 'None'
[0.195s] Level 5:colcon.colcon_core.verb:set package 'state_estimator' build argument 'catkin_skip_building_tests' from command line to 'False'
[0.195s] DEBUG:colcon.colcon_core.verb:Building package 'state_estimator' with the following arguments: {'ament_cmake_args': None, 'build_base': '/home/vatshvan/GahanAi_GNSS_DR_IMU/state_estimator/build/state_estimator', 'catkin_cmake_args': None, 'catkin_skip_building_tests': False, 'cmake_args': None, 'cmake_clean_cache': False, 'cmake_clean_first': False, 'cmake_force_configure': False, 'cmake_target': None, 'cmake_target_skip_unavailable': False, 'install_base': '/home/vatshvan/GahanAi_GNSS_DR_IMU/state_estimator/install/state_estimator', 'merge_install': False, 'path': '/home/vatshvan/GahanAi_GNSS_DR_IMU/state_estimator', 'symlink_install': True, 'test_result_base': None}
[0.195s] INFO:colcon.colcon_core.executor:Executing jobs using 'parallel' executor
[0.196s] DEBUG:colcon.colcon_parallel_executor.executor.parallel:run_until_complete
[0.196s] INFO:colcon.colcon_ros.task.ament_python.build:Building ROS package in '/home/vatshvan/GahanAi_GNSS_DR_IMU/state_estimator' with build type 'ament_python'
[0.196s] Level 1:colcon.colcon_core.shell:create_environment_hook('state_estimator', 'ament_prefix_path')
[0.198s] INFO:colcon.colcon_core.plugin_system:Skipping extension 'colcon_core.shell.bat': Not used on non-Windows systems
[0.198s] INFO:colcon.colcon_core.shell:Creating environment hook '/home/vatshvan/GahanAi_GNSS_DR_IMU/state_estimator/install/state_estimator/share/state_estimator/hook/ament_prefix_path.ps1'
[0.199s] INFO:colcon.colcon_core.shell:Creating environment descriptor '/home/vatshvan/GahanAi_GNSS_DR_IMU/state_estimator/install/state_estimator/share/state_estimator/hook/ament_prefix_path.dsv'
[0.199s] INFO:colcon.colcon_core.shell:Creating environment hook '/home/vatshvan/GahanAi_GNSS_DR_IMU/state_estimator/install/state_estimator/share/state_estimator/hook/ament_prefix_path.sh'
[0.199s] INFO:colcon.colcon_core.shell:Skip shell extension 'powershell' for command environment: Not usable outside of PowerShell
[0.199s] DEBUG:colcon.colcon_core.shell:Skip shell extension 'dsv' for command environment
[0.322s] INFO:colcon.colcon_core.task.python.build:Building Python package in '/home/vatshvan/GahanAi_GNSS_DR_IMU/state_estimator'
[0.322s] INFO:colcon.colcon_core.shell:Skip shell extension 'powershell' for command environment: Not usable outside of PowerShell
[0.322s] DEBUG:colcon.colcon_core.shell:Skip shell extension 'dsv' for command environment
[0.650s] DEBUG:colcon.colcon_core.event_handler.log_command:Invoking command in '/home/vatshvan/GahanAi_GNSS_DR_IMU/state_estimator/build/state_estimator': PYTHONPATH=/home/vatshvan/GahanAi_GNSS_DR_IMU/state_estimator/build/state_estimator/prefix_override:/usr/lib/python3/dist-packages/colcon_core/task/python/colcon_distutils_commands:/home/vatshvan/GahanAi_GNSS_DR_IMU/state_estimator/install/state_estimator/lib/python3.10/site-packages:${PYTHONPATH} /usr/bin/python3 -W ignore:setup.py install is deprecated -W ignore:easy_install command is deprecated setup.py develop --editable --build-directory /home/vatshvan/GahanAi_GNSS_DR_IMU/state_estimator/build/state_estimator/build --no-deps symlink_data
[1.008s] Level 1:colcon.colcon_core.shell:create_environment_hook('state_estimator', 'pythonpath_develop')
[1.009s] INFO:colcon.colcon_core.shell:Creating environment hook '/home/vatshvan/GahanAi_GNSS_DR_IMU/state_estimator/build/state_estimator/share/state_estimator/hook/pythonpath_develop.ps1'
[1.009s] DEBUG:colcon.colcon_core.event_handler.log_command:Invoked command in '/home/vatshvan/GahanAi_GNSS_DR_IMU/state_estimator/build/state_estimator' returned '0': PYTHONPATH=/home/vatshvan/GahanAi_GNSS_DR_IMU/state_estimator/build/state_estimator/prefix_override:/usr/lib/python3/dist-packages/colcon_core/task/python/colcon_distutils_commands:/home/vatshvan/GahanAi_GNSS_DR_IMU/state_estimator/install/state_estimator/lib/python3.10/site-packages:${PYTHONPATH} /usr/bin/python3 -W ignore:setup.py install is deprecated -W ignore:easy_install command is deprecated setup.py develop --editable --build-directory /home/vatshvan/GahanAi_GNSS_DR_IMU/state_estimator/build/state_estimator/build --no-deps symlink_data
[1.009s] INFO:colcon.colcon_core.shell:Creating environment descriptor '/home/vatshvan/GahanAi_GNSS_DR_IMU/state_estimator/build/state_estimator/share/state_estimator/hook/pythonpath_develop.dsv'
[1.009s] INFO:colcon.colcon_core.shell:Creating environment hook '/home/vatshvan/GahanAi_GNSS_DR_IMU/state_estimator/build/state_estimator/share/state_estimator/hook/pythonpath_develop.sh'
[1.012s] Level 1:colcon.colcon_core.environment:checking '/home/vatshvan/GahanAi_GNSS_DR_IMU/state_estimator/install/state_estimator' for CMake module files
[1.012s] Level 1:colcon.colcon_core.environment:checking '/home/vatshvan/GahanAi_GNSS_DR_IMU/state_estimator/install/state_estimator' for CMake config files
[1.012s] Level 1:colcon.colcon_core.environment:checking '/home/vatshvan/GahanAi_GNSS_DR_IMU/state_estimator/install/state_estimator/lib'
[1.013s] Level 1:colcon.colcon_core.environment:checking '/home/vatshvan/GahanAi_GNSS_DR_IMU/state_estimator/install/state_estimator/bin'
[1.013s] Level 1:colcon.colcon_core.environment:checking '/home/vatshvan/GahanAi_GNSS_DR_IMU/state_estimator/install/state_estimator/lib/pkgconfig/state_estimator.pc'
[1.013s] Level 1:colcon.colcon_core.environment:checking '/home/vatshvan/GahanAi_GNSS_DR_IMU/state_estimator/install/state_estimator/lib/python3.10/site-packages'
[1.013s] Level 1:colcon.colcon_core.shell:create_environment_hook('state_estimator', 'pythonpath')
[1.013s] INFO:colcon.colcon_core.shell:Creating environment hook '/home/vatshvan/GahanAi_GNSS_DR_IMU/state_estimator/install/state_estimator/share/state_estimator/hook/pythonpath.ps1'
[1.013s] INFO:colcon.colcon_core.shell:Creating environment descriptor '/home/vatshvan/GahanAi_GNSS_DR_IMU/state_estimator/install/state_estimator/share/state_estimator/hook/pythonpath.dsv'
[1.013s] INFO:colcon.colcon_core.shell:Creating environment hook '/home/vatshvan/GahanAi_GNSS_DR_IMU/state_estimator/install/state_estimator/share/state_estimator/hook/pythonpath.sh'
[1.014s] Level 1:colcon.colcon_core.environment:checking '/home/vatshvan/GahanAi_GNSS_DR_IMU/state_estimator/install/state_estimator/bin'
[1.014s] Level 1:colcon.colcon_core.environment:create_environment_scripts_only(state_estimator)
[1.014s] INFO:colcon.colcon_core.shell:Creating package script '/home/vatshvan/GahanAi_GNSS_DR_IMU/state_estimator/install/state_estimator/share/state_estimator/package.ps1'
[1.014s] INFO:colcon.colcon_core.shell:Creating package descriptor '/home/vatshvan/GahanAi_GNSS_DR_IMU/state_estimator/install/state_estimator/share/state_estimator/package.dsv'
[1.015s] INFO:colcon.colcon_core.shell:Creating package script '/home/vatshvan/GahanAi_GNSS_DR_IMU/state_estimator/install/state_estimator/share/state_estimator/package.sh'
[1.015s] INFO:colcon.colcon_core.shell:Creating package script '/home/vatshvan/GahanAi_GNSS_DR_IMU/state_estimator/install/state_estimator/share/state_estimator/package.bash'
[1.015s] INFO:colcon.colcon_core.shell:Creating package script '/home/vatshvan/GahanAi_GNSS_DR_IMU/state_estimator/install/state_estimator/share/state_estimator/package.zsh'
[1.016s] Level 1:colcon.colcon_core.environment:create_file_with_runtime_dependencies(/home/vatshvan/GahanAi_GNSS_DR_IMU/state_estimator/install/state_estimator/share/colcon-core/packages/state_estimator)
[1.016s] DEBUG:colcon.colcon_parallel_executor.executor.parallel:closing loop
[1.016s] DEBUG:colcon.colcon_parallel_executor.executor.parallel:loop closed
[1.016s] DEBUG:colcon.colcon_parallel_executor.executor.parallel:run_until_complete finished with '0'
[1.016s] DEBUG:colcon.colcon_core.event_reactor:joining thread
[1.021s] INFO:colcon.colcon_core.plugin_system:Skipping extension 'colcon_notification.desktop_notification.terminal_notifier': Not used on non-Darwin systems
[1.021s] INFO:colcon.colcon_core.plugin_system:Skipping extension 'colcon_notification.desktop_notification.win32': Not used on non-Windows systems
[1.021s] INFO:colcon.colcon_notification.desktop_notification:Sending desktop notification using 'notify2'
[1.030s] DEBUG:colcon.colcon_core.event_reactor:joined thread
[1.030s] INFO:colcon.colcon_core.shell:Creating prefix script '/home/vatshvan/GahanAi_GNSS_DR_IMU/state_estimator/install/local_setup.ps1'
[1.031s] INFO:colcon.colcon_core.shell:Creating prefix util module '/home/vatshvan/GahanAi_GNSS_DR_IMU/state_estimator/install/_local_setup_util_ps1.py'
[1.033s] INFO:colcon.colcon_core.shell:Creating prefix chain script '/home/vatshvan/GahanAi_GNSS_DR_IMU/state_estimator/install/setup.ps1'
[1.033s] INFO:colcon.colcon_core.shell:Creating prefix script '/home/vatshvan/GahanAi_GNSS_DR_IMU/state_estimator/install/local_setup.sh'
[1.034s] INFO:colcon.colcon_core.shell:Creating prefix util module '/home/vatshvan/GahanAi_GNSS_DR_IMU/state_estimator/install/_local_setup_util_sh.py'
[1.034s] INFO:colcon.colcon_core.shell:Creating prefix chain script '/home/vatshvan/GahanAi_GNSS_DR_IMU/state_estimator/install/setup.sh'
[1.035s] INFO:colcon.colcon_core.shell:Creating prefix script '/home/vatshvan/GahanAi_GNSS_DR_IMU/state_estimator/install/local_setup.bash'
[1.035s] INFO:colcon.colcon_core.shell:Creating prefix chain script '/home/vatshvan/GahanAi_GNSS_DR_IMU/state_estimator/install/setup.bash'
[1.036s] INFO:colcon.colcon_core.shell:Creating prefix script '/home/vatshvan/GahanAi_GNSS_DR_IMU/state_estimator/install/local_setup.zsh'
[1.036s] INFO:colcon.colcon_core.shell:Creating prefix chain script '/home/vatshvan/GahanAi_GNSS_DR_IMU/state_estimator/install/setup.zsh'
