running egg_info
creating build/state_estimator/state_estimator.egg-info
writing build/state_estimator/state_estimator.egg-info/PKG-INFO
writing dependency_links to build/state_estimator/state_estimator.egg-info/dependency_links.txt
writing entry points to build/state_estimator/state_estimator.egg-info/entry_points.txt
writing requirements to build/state_estimator/state_estimator.egg-info/requires.txt
writing top-level names to build/state_estimator/state_estimator.egg-info/top_level.txt
writing manifest file 'build/state_estimator/state_estimator.egg-info/SOURCES.txt'
reading manifest file 'build/state_estimator/state_estimator.egg-info/SOURCES.txt'
writing manifest file 'build/state_estimator/state_estimator.egg-info/SOURCES.txt'
running build
running build_py
creating /home/vatshvan/GahanAi_GNSS_DR_IMU/state_estimator/build/state_estimator/build/lib/state_estimator
copying state_estimator/ekf_ros_node.py -> /home/vatshvan/GahanAi_GNSS_DR_IMU/state_estimator/build/state_estimator/build/lib/state_estimator
copying state_estimator/ekf_sim.py -> /home/vatshvan/GahanAi_GNSS_DR_IMU/state_estimator/build/state_estimator/build/lib/state_estimator
copying state_estimator/ekf_core.py -> /home/vatshvan/GahanAi_GNSS_DR_IMU/state_estimator/build/state_estimator/build/lib/state_estimator
copying state_estimator/__init__.py -> /home/vatshvan/GahanAi_GNSS_DR_IMU/state_estimator/build/state_estimator/build/lib/state_estimator
running install
running install_lib
creating /home/vatshvan/GahanAi_GNSS_DR_IMU/state_estimator/install/state_estimator/lib/python3.10/site-packages/state_estimator
copying /home/vatshvan/GahanAi_GNSS_DR_IMU/state_estimator/build/state_estimator/build/lib/state_estimator/ekf_ros_node.py -> /home/vatshvan/GahanAi_GNSS_DR_IMU/state_estimator/install/state_estimator/lib/python3.10/site-packages/state_estimator
copying /home/vatshvan/GahanAi_GNSS_DR_IMU/state_estimator/build/state_estimator/build/lib/state_estimator/ekf_sim.py -> /home/vatshvan/GahanAi_GNSS_DR_IMU/state_estimator/install/state_estimator/lib/python3.10/site-packages/state_estimator
copying /home/vatshvan/GahanAi_GNSS_DR_IMU/state_estimator/build/state_estimator/build/lib/state_estimator/ekf_core.py -> /home/vatshvan/GahanAi_GNSS_DR_IMU/state_estimator/install/state_estimator/lib/python3.10/site-packages/state_estimator
copying /home/vatshvan/GahanAi_GNSS_DR_IMU/state_estimator/build/state_estimator/build/lib/state_estimator/__init__.py -> /home/vatshvan/GahanAi_GNSS_DR_IMU/state_estimator/install/state_estimator/lib/python3.10/site-packages/state_estimator
byte-compiling /home/vatshvan/GahanAi_GNSS_DR_IMU/state_estimator/install/state_estimator/lib/python3.10/site-packages/state_estimator/ekf_ros_node.py to ekf_ros_node.cpython-310.pyc
byte-compiling /home/vatshvan/GahanAi_GNSS_DR_IMU/state_estimator/install/state_estimator/lib/python3.10/site-packages/state_estimator/ekf_sim.py to ekf_sim.cpython-310.pyc
byte-compiling /home/vatshvan/GahanAi_GNSS_DR_IMU/state_estimator/install/state_estimator/lib/python3.10/site-packages/state_estimator/ekf_core.py to ekf_core.cpython-310.pyc
byte-compiling /home/vatshvan/GahanAi_GNSS_DR_IMU/state_estimator/install/state_estimator/lib/python3.10/site-packages/state_estimator/__init__.py to __init__.cpython-310.pyc
running install_data
creating /home/vatshvan/GahanAi_GNSS_DR_IMU/state_estimator/install/state_estimator/share/ament_index/resource_index/packages
copying resource/state_estimator -> /home/vatshvan/GahanAi_GNSS_DR_IMU/state_estimator/install/state_estimator/share/ament_index/resource_index/packages
copying package.xml -> /home/vatshvan/GahanAi_GNSS_DR_IMU/state_estimator/install/state_estimator/share/state_estimator
creating /home/vatshvan/GahanAi_GNSS_DR_IMU/state_estimator/install/state_estimator/share/state_estimator/launch
copying launch/ekf_vehicle_launch.py -> /home/vatshvan/GahanAi_GNSS_DR_IMU/state_estimator/install/state_estimator/share/state_estimator/launch
creating /home/vatshvan/GahanAi_GNSS_DR_IMU/state_estimator/install/state_estimator/share/state_estimator/config
copying config/ekf_params.yaml -> /home/vatshvan/GahanAi_GNSS_DR_IMU/state_estimator/install/state_estimator/share/state_estimator/config
running install_egg_info
Copying build/state_estimator/state_estimator.egg-info to /home/vatshvan/GahanAi_GNSS_DR_IMU/state_estimator/install/state_estimator/lib/python3.10/site-packages/state_estimator-0.0.0-py3.10.egg-info
running install_scripts
Installing ekf_node script to /home/vatshvan/GahanAi_GNSS_DR_IMU/state_estimator/install/state_estimator/lib/state_estimator
writing list of installed files to '/home/vatshvan/GahanAi_GNSS_DR_IMU/state_estimator/build/state_estimator/install.log'
