[0.407s] Invoking command in '/home/vatshvan/GahanAi_GNSS_DR_IMU/state_estimator': PYTHONPATH=/home/vatshvan/GahanAi_GNSS_DR_IMU/state_estimator/build/state_estimator/prefix_override:/usr/lib/python3/dist-packages/colcon_core/task/python/colcon_distutils_commands:/home/vatshvan/GahanAi_GNSS_DR_IMU/state_estimator/install/state_estimator/lib/python3.10/site-packages:${PYTHONPATH} /usr/bin/python3 -W ignore:setup.py install is deprecated -W ignore:easy_install command is deprecated setup.py egg_info --egg-base build/state_estimator build --build-base /home/vatshvan/GahanAi_GNSS_DR_IMU/state_estimator/build/state_estimator/build install --record /home/vatshvan/GahanAi_GNSS_DR_IMU/state_estimator/build/state_estimator/install.log --single-version-externally-managed install_data
[0.552s] running egg_info
[0.560s] writing build/state_estimator/state_estimator.egg-info/PKG-INFO
[0.560s] writing dependency_links to build/state_estimator/state_estimator.egg-info/dependency_links.txt
[0.560s] writing entry points to build/state_estimator/state_estimator.egg-info/entry_points.txt
[0.561s] writing requirements to build/state_estimator/state_estimator.egg-info/requires.txt
[0.561s] writing top-level names to build/state_estimator/state_estimator.egg-info/top_level.txt
[0.578s] reading manifest file 'build/state_estimator/state_estimator.egg-info/SOURCES.txt'
[0.579s] writing manifest file 'build/state_estimator/state_estimator.egg-info/SOURCES.txt'
[0.579s] running build
[0.579s] running build_py
[0.579s] running install
[0.582s] running install_lib
[0.590s] running install_data
[0.590s] running install_egg_info
[0.599s] removing '/home/vatshvan/GahanAi_GNSS_DR_IMU/state_estimator/install/state_estimator/lib/python3.10/site-packages/state_estimator-0.0.0-py3.10.egg-info' (and everything under it)
[0.599s] Copying build/state_estimator/state_estimator.egg-info to /home/vatshvan/GahanAi_GNSS_DR_IMU/state_estimator/install/state_estimator/lib/python3.10/site-packages/state_estimator-0.0.0-py3.10.egg-info
[0.600s] running install_scripts
[0.672s] Installing ekf_node script to /home/vatshvan/GahanAi_GNSS_DR_IMU/state_estimator/install/state_estimator/lib/state_estimator
[0.672s] writing list of installed files to '/home/vatshvan/GahanAi_GNSS_DR_IMU/state_estimator/build/state_estimator/install.log'
[0.687s] Invoked command in '/home/vatshvan/GahanAi_GNSS_DR_IMU/state_estimator' returned '0': PYTHONPATH=/home/vatshvan/GahanAi_GNSS_DR_IMU/state_estimator/build/state_estimator/prefix_override:/usr/lib/python3/dist-packages/colcon_core/task/python/colcon_distutils_commands:/home/vatshvan/GahanAi_GNSS_DR_IMU/state_estimator/install/state_estimator/lib/python3.10/site-packages:${PYTHONPATH} /usr/bin/python3 -W ignore:setup.py install is deprecated -W ignore:easy_install command is deprecated setup.py egg_info --egg-base build/state_estimator build --build-base /home/vatshvan/GahanAi_GNSS_DR_IMU/state_estimator/build/state_estimator/build install --record /home/vatshvan/GahanAi_GNSS_DR_IMU/state_estimator/build/state_estimator/install.log --single-version-externally-managed install_data
