/home/vatshvan/GahanAi_GNSS_DR_IMU/state_estimator/install/state_estimator/lib/python3.10/site-packages/state_estimator/ekf_ros_node.py
/home/vatshvan/GahanAi_GNSS_DR_IMU/state_estimator/install/state_estimator/lib/python3.10/site-packages/state_estimator/ekf_sim.py
/home/vatshvan/GahanAi_GNSS_DR_IMU/state_estimator/install/state_estimator/lib/python3.10/site-packages/state_estimator/ekf_core.py
/home/vatshvan/GahanAi_GNSS_DR_IMU/state_estimator/install/state_estimator/lib/python3.10/site-packages/state_estimator/__init__.py
/home/vatshvan/GahanAi_GNSS_DR_IMU/state_estimator/install/state_estimator/lib/python3.10/site-packages/state_estimator/__pycache__/ekf_ros_node.cpython-310.pyc
/home/vatshvan/GahanAi_GNSS_DR_IMU/state_estimator/install/state_estimator/lib/python3.10/site-packages/state_estimator/__pycache__/ekf_sim.cpython-310.pyc
/home/vatshvan/GahanAi_GNSS_DR_IMU/state_estimator/install/state_estimator/lib/python3.10/site-packages/state_estimator/__pycache__/ekf_core.cpython-310.pyc
/home/vatshvan/GahanAi_GNSS_DR_IMU/state_estimator/install/state_estimator/lib/python3.10/site-packages/state_estimator/__pycache__/__init__.cpython-310.pyc
/home/vatshvan/GahanAi_GNSS_DR_IMU/state_estimator/install/state_estimator/share/ament_index/resource_index/packages/state_estimator
/home/vatshvan/GahanAi_GNSS_DR_IMU/state_estimator/install/state_estimator/share/state_estimator/package.xml
/home/vatshvan/GahanAi_GNSS_DR_IMU/state_estimator/install/state_estimator/share/state_estimator/launch/ekf_vehicle_launch.py
/home/vatshvan/GahanAi_GNSS_DR_IMU/state_estimator/install/state_estimator/share/state_estimator/config/ekf_params.yaml
/home/vatshvan/GahanAi_GNSS_DR_IMU/state_estimator/install/state_estimator/lib/python3.10/site-packages/state_estimator-0.0.0-py3.10.egg-info/entry_points.txt
/home/vatshvan/GahanAi_GNSS_DR_IMU/state_estimator/install/state_estimator/lib/python3.10/site-packages/state_estimator-0.0.0-py3.10.egg-info/zip-safe
/home/vatshvan/GahanAi_GNSS_DR_IMU/state_estimator/install/state_estimator/lib/python3.10/site-packages/state_estimator-0.0.0-py3.10.egg-info/SOURCES.txt
/home/vatshvan/GahanAi_GNSS_DR_IMU/state_estimator/install/state_estimator/lib/python3.10/site-packages/state_estimator-0.0.0-py3.10.egg-info/dependency_links.txt
/home/vatshvan/GahanAi_GNSS_DR_IMU/state_estimator/install/state_estimator/lib/python3.10/site-packages/state_estimator-0.0.0-py3.10.egg-info/PKG-INFO
/home/vatshvan/GahanAi_GNSS_DR_IMU/state_estimator/install/state_estimator/lib/python3.10/site-packages/state_estimator-0.0.0-py3.10.egg-info/requires.txt
/home/vatshvan/GahanAi_GNSS_DR_IMU/state_estimator/install/state_estimator/lib/python3.10/site-packages/state_estimator-0.0.0-py3.10.egg-info/top_level.txt
/home/vatshvan/GahanAi_GNSS_DR_IMU/state_estimator/install/state_estimator/lib/state_estimator/ekf_node
