[0.065s] DEBUG:colcon:Command line arguments: ['/usr/bin/colcon', 'build', '--packages-select', 'state_estimator']
[0.065s] DEBUG:colcon:Parsed command line arguments: Namespace(log_base=None, log_level=None, verb_name='build', build_base='build', install_base='install', merge_install=False, symlink_install=False, test_result_base=None, continue_on_error=False, executor='parallel', parallel_workers=12, event_handlers=None, ignore_user_meta=False, metas=['./colcon.meta'], base_paths=['.'], packages_ignore=None, packages_ignore_regex=None, paths=None, packages_up_to=None, packages_up_to_regex=None, packages_above=None, packages_above_and_dependencies=None, packages_above_depth=None, packages_select_by_dep=None, packages_skip_by_dep=None, packages_skip_up_to=None, packages_select_build_failed=False, packages_skip_build_finished=False, packages_select_test_failures=False, packages_skip_test_passed=False, packages_select=['state_estimator'], packages_skip=None, packages_select_regex=None, packages_skip_regex=None, packages_start=None, packages_end=None, allow_overriding=[], cmake_args=None, cmake_target=None, cmake_target_skip_unavailable=False, cmake_clean_cache=False, cmake_clean_first=False, cmake_force_configure=False, ament_cmake_args=None, catkin_cmake_args=None, catkin_skip_building_tests=False, mixin_files=None, mixin=None, verb_parser=<colcon_mixin.mixin.mixin_argument.MixinArgumentDecorator object at 0x78304f86f700>, verb_extension=<colcon_core.verb.build.BuildVerb object at 0x78304f9b0670>, main=<bound method BuildVerb.main of <colcon_core.verb.build.BuildVerb object at 0x78304f9b0670>>, mixin_verb=('build',))
[0.088s] Level 1:colcon.colcon_core.package_discovery:discover_packages(colcon_meta) check parameters
[0.088s] Level 1:colcon.colcon_core.package_discovery:discover_packages(recursive) check parameters
[0.088s] Level 1:colcon.colcon_core.package_discovery:discover_packages(ignore) check parameters
[0.089s] Level 1:colcon.colcon_core.package_discovery:discover_packages(path) check parameters
[0.089s] Level 1:colcon.colcon_core.package_discovery:discover_packages(colcon_meta) discover
[0.089s] Level 1:colcon.colcon_core.package_discovery:discover_packages(recursive) discover
[0.089s] INFO:colcon.colcon_core.package_discovery:Crawling recursively for packages in '/home/vatshvan/GahanAi_GNSS_DR_IMU'
[0.089s] Level 1:colcon.colcon_core.package_identification:_identify(.) by extensions ['ignore', 'ignore_ament_install']
[0.089s] Level 1:colcon.colcon_core.package_identification:_identify(.) by extension 'ignore'
[0.089s] Level 1:colcon.colcon_core.package_identification:_identify(.) by extension 'ignore_ament_install'
[0.089s] Level 1:colcon.colcon_core.package_identification:_identify(.) by extensions ['colcon_pkg']
[0.089s] Level 1:colcon.colcon_core.package_identification:_identify(.) by extension 'colcon_pkg'
[0.089s] Level 1:colcon.colcon_core.package_identification:_identify(.) by extensions ['colcon_meta']
[0.089s] Level 1:colcon.colcon_core.package_identification:_identify(.) by extension 'colcon_meta'
[0.089s] Level 1:colcon.colcon_core.package_identification:_identify(.) by extensions ['ros']
[0.089s] Level 1:colcon.colcon_core.package_identification:_identify(.) by extension 'ros'
[0.099s] Level 1:colcon.colcon_core.package_identification:_identify(.) by extensions ['cmake', 'python']
[0.099s] Level 1:colcon.colcon_core.package_identification:_identify(.) by extension 'cmake'
[0.099s] Level 1:colcon.colcon_core.package_identification:_identify(.) by extension 'python'
[0.099s] Level 1:colcon.colcon_core.package_identification:_identify(.) by extensions ['python_setup_py']
[0.099s] Level 1:colcon.colcon_core.package_identification:_identify(.) by extension 'python_setup_py'
[0.099s] Level 1:colcon.colcon_core.package_identification:_identify(build) by extensions ['ignore', 'ignore_ament_install']
[0.099s] Level 1:colcon.colcon_core.package_identification:_identify(build) by extension 'ignore'
[0.099s] Level 1:colcon.colcon_core.package_identification:_identify(build) ignored
[0.099s] Level 1:colcon.colcon_core.package_identification:_identify(install) by extensions ['ignore', 'ignore_ament_install']
[0.099s] Level 1:colcon.colcon_core.package_identification:_identify(install) by extension 'ignore'
[0.099s] Level 1:colcon.colcon_core.package_identification:_identify(install) ignored
[0.099s] Level 1:colcon.colcon_core.package_identification:_identify(log) by extensions ['ignore', 'ignore_ament_install']
[0.099s] Level 1:colcon.colcon_core.package_identification:_identify(log) by extension 'ignore'
[0.099s] Level 1:colcon.colcon_core.package_identification:_identify(log) ignored
[0.099s] Level 1:colcon.colcon_core.package_identification:_identify(raw) by extensions ['ignore', 'ignore_ament_install']
[0.099s] Level 1:colcon.colcon_core.package_identification:_identify(raw) by extension 'ignore'
[0.099s] Level 1:colcon.colcon_core.package_identification:_identify(raw) by extension 'ignore_ament_install'
[0.100s] Level 1:colcon.colcon_core.package_identification:_identify(raw) by extensions ['colcon_pkg']
[0.100s] Level 1:colcon.colcon_core.package_identification:_identify(raw) by extension 'colcon_pkg'
[0.100s] Level 1:colcon.colcon_core.package_identification:_identify(raw) by extensions ['colcon_meta']
[0.100s] Level 1:colcon.colcon_core.package_identification:_identify(raw) by extension 'colcon_meta'
[0.100s] Level 1:colcon.colcon_core.package_identification:_identify(raw) by extensions ['ros']
[0.100s] Level 1:colcon.colcon_core.package_identification:_identify(raw) by extension 'ros'
[0.100s] Level 1:colcon.colcon_core.package_identification:_identify(raw) by extensions ['cmake', 'python']
[0.100s] Level 1:colcon.colcon_core.package_identification:_identify(raw) by extension 'cmake'
[0.100s] Level 1:colcon.colcon_core.package_identification:_identify(raw) by extension 'python'
[0.100s] Level 1:colcon.colcon_core.package_identification:_identify(raw) by extensions ['python_setup_py']
[0.100s] Level 1:colcon.colcon_core.package_identification:_identify(raw) by extension 'python_setup_py'
[0.100s] Level 1:colcon.colcon_core.package_identification:_identify(raw/GNSS_MPC_GPS) by extensions ['ignore', 'ignore_ament_install']
[0.100s] Level 1:colcon.colcon_core.package_identification:_identify(raw/GNSS_MPC_GPS) by extension 'ignore'
[0.100s] Level 1:colcon.colcon_core.package_identification:_identify(raw/GNSS_MPC_GPS) by extension 'ignore_ament_install'
[0.100s] Level 1:colcon.colcon_core.package_identification:_identify(raw/GNSS_MPC_GPS) by extensions ['colcon_pkg']
[0.100s] Level 1:colcon.colcon_core.package_identification:_identify(raw/GNSS_MPC_GPS) by extension 'colcon_pkg'
[0.100s] Level 1:colcon.colcon_core.package_identification:_identify(raw/GNSS_MPC_GPS) by extensions ['colcon_meta']
[0.100s] Level 1:colcon.colcon_core.package_identification:_identify(raw/GNSS_MPC_GPS) by extension 'colcon_meta'
[0.100s] Level 1:colcon.colcon_core.package_identification:_identify(raw/GNSS_MPC_GPS) by extensions ['ros']
[0.100s] Level 1:colcon.colcon_core.package_identification:_identify(raw/GNSS_MPC_GPS) by extension 'ros'
[0.100s] Level 1:colcon.colcon_core.package_identification:_identify(raw/GNSS_MPC_GPS) by extensions ['cmake', 'python']
[0.100s] Level 1:colcon.colcon_core.package_identification:_identify(raw/GNSS_MPC_GPS) by extension 'cmake'
[0.100s] Level 1:colcon.colcon_core.package_identification:_identify(raw/GNSS_MPC_GPS) by extension 'python'
[0.100s] Level 1:colcon.colcon_core.package_identification:_identify(raw/GNSS_MPC_GPS) by extensions ['python_setup_py']
[0.100s] Level 1:colcon.colcon_core.package_identification:_identify(raw/GNSS_MPC_GPS) by extension 'python_setup_py'
[0.100s] Level 1:colcon.colcon_core.package_identification:_identify(raw/GNSS_MPC_GPS/GPS) by extensions ['ignore', 'ignore_ament_install']
[0.100s] Level 1:colcon.colcon_core.package_identification:_identify(raw/GNSS_MPC_GPS/GPS) by extension 'ignore'
[0.100s] Level 1:colcon.colcon_core.package_identification:_identify(raw/GNSS_MPC_GPS/GPS) by extension 'ignore_ament_install'
[0.100s] Level 1:colcon.colcon_core.package_identification:_identify(raw/GNSS_MPC_GPS/GPS) by extensions ['colcon_pkg']
[0.100s] Level 1:colcon.colcon_core.package_identification:_identify(raw/GNSS_MPC_GPS/GPS) by extension 'colcon_pkg'
[0.100s] Level 1:colcon.colcon_core.package_identification:_identify(raw/GNSS_MPC_GPS/GPS) by extensions ['colcon_meta']
[0.100s] Level 1:colcon.colcon_core.package_identification:_identify(raw/GNSS_MPC_GPS/GPS) by extension 'colcon_meta'
[0.100s] Level 1:colcon.colcon_core.package_identification:_identify(raw/GNSS_MPC_GPS/GPS) by extensions ['ros']
[0.100s] Level 1:colcon.colcon_core.package_identification:_identify(raw/GNSS_MPC_GPS/GPS) by extension 'ros'
[0.100s] Level 1:colcon.colcon_core.package_identification:_identify(raw/GNSS_MPC_GPS/GPS) by extensions ['cmake', 'python']
[0.100s] Level 1:colcon.colcon_core.package_identification:_identify(raw/GNSS_MPC_GPS/GPS) by extension 'cmake'
[0.100s] Level 1:colcon.colcon_core.package_identification:_identify(raw/GNSS_MPC_GPS/GPS) by extension 'python'
[0.100s] Level 1:colcon.colcon_core.package_identification:_identify(raw/GNSS_MPC_GPS/GPS) by extensions ['python_setup_py']
[0.100s] Level 1:colcon.colcon_core.package_identification:_identify(raw/GNSS_MPC_GPS/GPS) by extension 'python_setup_py'
[0.100s] Level 1:colcon.colcon_core.package_identification:_identify(raw/RAW) by extensions ['ignore', 'ignore_ament_install']
[0.101s] Level 1:colcon.colcon_core.package_identification:_identify(raw/RAW) by extension 'ignore'
[0.101s] Level 1:colcon.colcon_core.package_identification:_identify(raw/RAW) by extension 'ignore_ament_install'
[0.101s] Level 1:colcon.colcon_core.package_identification:_identify(raw/RAW) by extensions ['colcon_pkg']
[0.101s] Level 1:colcon.colcon_core.package_identification:_identify(raw/RAW) by extension 'colcon_pkg'
[0.101s] Level 1:colcon.colcon_core.package_identification:_identify(raw/RAW) by extensions ['colcon_meta']
[0.101s] Level 1:colcon.colcon_core.package_identification:_identify(raw/RAW) by extension 'colcon_meta'
[0.101s] Level 1:colcon.colcon_core.package_identification:_identify(raw/RAW) by extensions ['ros']
[0.101s] Level 1:colcon.colcon_core.package_identification:_identify(raw/RAW) by extension 'ros'
[0.101s] Level 1:colcon.colcon_core.package_identification:_identify(raw/RAW) by extensions ['cmake', 'python']
[0.101s] Level 1:colcon.colcon_core.package_identification:_identify(raw/RAW) by extension 'cmake'
[0.101s] Level 1:colcon.colcon_core.package_identification:_identify(raw/RAW) by extension 'python'
[0.101s] Level 1:colcon.colcon_core.package_identification:_identify(raw/RAW) by extensions ['python_setup_py']
[0.101s] Level 1:colcon.colcon_core.package_identification:_identify(raw/RAW) by extension 'python_setup_py'
[0.101s] Level 1:colcon.colcon_core.package_identification:_identify(raw/RAW/RAW) by extensions ['ignore', 'ignore_ament_install']
[0.101s] Level 1:colcon.colcon_core.package_identification:_identify(raw/RAW/RAW) by extension 'ignore'
[0.101s] Level 1:colcon.colcon_core.package_identification:_identify(raw/RAW/RAW) by extension 'ignore_ament_install'
[0.101s] Level 1:colcon.colcon_core.package_identification:_identify(raw/RAW/RAW) by extensions ['colcon_pkg']
[0.101s] Level 1:colcon.colcon_core.package_identification:_identify(raw/RAW/RAW) by extension 'colcon_pkg'
[0.101s] Level 1:colcon.colcon_core.package_identification:_identify(raw/RAW/RAW) by extensions ['colcon_meta']
[0.101s] Level 1:colcon.colcon_core.package_identification:_identify(raw/RAW/RAW) by extension 'colcon_meta'
[0.101s] Level 1:colcon.colcon_core.package_identification:_identify(raw/RAW/RAW) by extensions ['ros']
[0.101s] Level 1:colcon.colcon_core.package_identification:_identify(raw/RAW/RAW) by extension 'ros'
[0.101s] Level 1:colcon.colcon_core.package_identification:_identify(raw/RAW/RAW) by extensions ['cmake', 'python']
[0.101s] Level 1:colcon.colcon_core.package_identification:_identify(raw/RAW/RAW) by extension 'cmake'
[0.101s] Level 1:colcon.colcon_core.package_identification:_identify(raw/RAW/RAW) by extension 'python'
[0.101s] Level 1:colcon.colcon_core.package_identification:_identify(raw/RAW/RAW) by extensions ['python_setup_py']
[0.101s] Level 1:colcon.colcon_core.package_identification:_identify(raw/RAW/RAW) by extension 'python_setup_py'
[0.101s] Level 1:colcon.colcon_core.package_identification:_identify(raw/dual_imu_fsync) by extensions ['ignore', 'ignore_ament_install']
[0.101s] Level 1:colcon.colcon_core.package_identification:_identify(raw/dual_imu_fsync) by extension 'ignore'
[0.101s] Level 1:colcon.colcon_core.package_identification:_identify(raw/dual_imu_fsync) by extension 'ignore_ament_install'
[0.101s] Level 1:colcon.colcon_core.package_identification:_identify(raw/dual_imu_fsync) by extensions ['colcon_pkg']
[0.101s] Level 1:colcon.colcon_core.package_identification:_identify(raw/dual_imu_fsync) by extension 'colcon_pkg'
[0.101s] Level 1:colcon.colcon_core.package_identification:_identify(raw/dual_imu_fsync) by extensions ['colcon_meta']
[0.101s] Level 1:colcon.colcon_core.package_identification:_identify(raw/dual_imu_fsync) by extension 'colcon_meta'
[0.101s] Level 1:colcon.colcon_core.package_identification:_identify(raw/dual_imu_fsync) by extensions ['ros']
[0.101s] Level 1:colcon.colcon_core.package_identification:_identify(raw/dual_imu_fsync) by extension 'ros'
[0.101s] Level 1:colcon.colcon_core.package_identification:_identify(raw/dual_imu_fsync) by extensions ['cmake', 'python']
[0.101s] Level 1:colcon.colcon_core.package_identification:_identify(raw/dual_imu_fsync) by extension 'cmake'
[0.101s] Level 1:colcon.colcon_core.package_identification:_identify(raw/dual_imu_fsync) by extension 'python'
[0.101s] Level 1:colcon.colcon_core.package_identification:_identify(raw/dual_imu_fsync) by extensions ['python_setup_py']
[0.101s] Level 1:colcon.colcon_core.package_identification:_identify(raw/dual_imu_fsync) by extension 'python_setup_py'
[0.101s] Level 1:colcon.colcon_core.package_identification:_identify(raw/dual_imu_fsync/dual_imo_esp32) by extensions ['ignore', 'ignore_ament_install']
[0.101s] Level 1:colcon.colcon_core.package_identification:_identify(raw/dual_imu_fsync/dual_imo_esp32) by extension 'ignore'
[0.101s] Level 1:colcon.colcon_core.package_identification:_identify(raw/dual_imu_fsync/dual_imo_esp32) by extension 'ignore_ament_install'
[0.102s] Level 1:colcon.colcon_core.package_identification:_identify(raw/dual_imu_fsync/dual_imo_esp32) by extensions ['colcon_pkg']
[0.102s] Level 1:colcon.colcon_core.package_identification:_identify(raw/dual_imu_fsync/dual_imo_esp32) by extension 'colcon_pkg'
[0.102s] Level 1:colcon.colcon_core.package_identification:_identify(raw/dual_imu_fsync/dual_imo_esp32) by extensions ['colcon_meta']
[0.102s] Level 1:colcon.colcon_core.package_identification:_identify(raw/dual_imu_fsync/dual_imo_esp32) by extension 'colcon_meta'
[0.102s] Level 1:colcon.colcon_core.package_identification:_identify(raw/dual_imu_fsync/dual_imo_esp32) by extensions ['ros']
[0.102s] Level 1:colcon.colcon_core.package_identification:_identify(raw/dual_imu_fsync/dual_imo_esp32) by extension 'ros'
[0.102s] Level 1:colcon.colcon_core.package_identification:_identify(raw/dual_imu_fsync/dual_imo_esp32) by extensions ['cmake', 'python']
[0.102s] Level 1:colcon.colcon_core.package_identification:_identify(raw/dual_imu_fsync/dual_imo_esp32) by extension 'cmake'
[0.102s] Level 1:colcon.colcon_core.package_identification:_identify(raw/dual_imu_fsync/dual_imo_esp32) by extension 'python'
[0.102s] Level 1:colcon.colcon_core.package_identification:_identify(raw/dual_imu_fsync/dual_imo_esp32) by extensions ['python_setup_py']
[0.102s] Level 1:colcon.colcon_core.package_identification:_identify(raw/dual_imu_fsync/dual_imo_esp32) by extension 'python_setup_py'
[0.102s] Level 1:colcon.colcon_core.package_identification:_identify(raw/tmp) by extensions ['ignore', 'ignore_ament_install']
[0.102s] Level 1:colcon.colcon_core.package_identification:_identify(raw/tmp) by extension 'ignore'
[0.102s] Level 1:colcon.colcon_core.package_identification:_identify(raw/tmp) by extension 'ignore_ament_install'
[0.102s] Level 1:colcon.colcon_core.package_identification:_identify(raw/tmp) by extensions ['colcon_pkg']
[0.102s] Level 1:colcon.colcon_core.package_identification:_identify(raw/tmp) by extension 'colcon_pkg'
[0.102s] Level 1:colcon.colcon_core.package_identification:_identify(raw/tmp) by extensions ['colcon_meta']
[0.102s] Level 1:colcon.colcon_core.package_identification:_identify(raw/tmp) by extension 'colcon_meta'
[0.102s] Level 1:colcon.colcon_core.package_identification:_identify(raw/tmp) by extensions ['ros']
[0.102s] Level 1:colcon.colcon_core.package_identification:_identify(raw/tmp) by extension 'ros'
[0.102s] Level 1:colcon.colcon_core.package_identification:_identify(raw/tmp) by extensions ['cmake', 'python']
[0.102s] Level 1:colcon.colcon_core.package_identification:_identify(raw/tmp) by extension 'cmake'
[0.102s] Level 1:colcon.colcon_core.package_identification:_identify(raw/tmp) by extension 'python'
[0.102s] Level 1:colcon.colcon_core.package_identification:_identify(raw/tmp) by extensions ['python_setup_py']
[0.102s] Level 1:colcon.colcon_core.package_identification:_identify(raw/tmp) by extension 'python_setup_py'
[0.102s] Level 1:colcon.colcon_core.package_identification:_identify(state_estimator) by extensions ['ignore', 'ignore_ament_install']
[0.102s] Level 1:colcon.colcon_core.package_identification:_identify(state_estimator) by extension 'ignore'
[0.102s] Level 1:colcon.colcon_core.package_identification:_identify(state_estimator) by extension 'ignore_ament_install'
[0.102s] Level 1:colcon.colcon_core.package_identification:_identify(state_estimator) by extensions ['colcon_pkg']
[0.102s] Level 1:colcon.colcon_core.package_identification:_identify(state_estimator) by extension 'colcon_pkg'
[0.102s] Level 1:colcon.colcon_core.package_identification:_identify(state_estimator) by extensions ['colcon_meta']
[0.102s] Level 1:colcon.colcon_core.package_identification:_identify(state_estimator) by extension 'colcon_meta'
[0.102s] Level 1:colcon.colcon_core.package_identification:_identify(state_estimator) by extensions ['ros']
[0.102s] Level 1:colcon.colcon_core.package_identification:_identify(state_estimator) by extension 'ros'
[0.104s] DEBUG:colcon.colcon_core.package_identification:Package 'state_estimator' with type 'ros.ament_python' and name 'state_estimator'
[0.104s] Level 1:colcon.colcon_core.package_discovery:discover_packages(recursive) using defaults
[0.104s] Level 1:colcon.colcon_core.package_discovery:discover_packages(ignore) discover
[0.104s] Level 1:colcon.colcon_core.package_discovery:discover_packages(ignore) using defaults
[0.104s] Level 1:colcon.colcon_core.package_discovery:discover_packages(path) discover
[0.104s] Level 1:colcon.colcon_core.package_discovery:discover_packages(path) using defaults
[0.117s] Level 1:colcon.colcon_core.package_discovery:discover_packages(prefix_path) check parameters
[0.117s] Level 1:colcon.colcon_core.package_discovery:discover_packages(prefix_path) discover
[0.118s] DEBUG:colcon.colcon_installed_package_information.package_discovery:Found 1 installed packages in /home/vatshvan/GahanAi_GNSS_DR_IMU/install
[0.119s] DEBUG:colcon.colcon_installed_package_information.package_discovery:Found 337 installed packages in /opt/ros/humble
[0.120s] Level 1:colcon.colcon_core.package_discovery:discover_packages(prefix_path) using defaults
[0.142s] Level 5:colcon.colcon_core.verb:set package 'state_estimator' build argument 'cmake_args' from command line to 'None'
[0.142s] Level 5:colcon.colcon_core.verb:set package 'state_estimator' build argument 'cmake_target' from command line to 'None'
[0.142s] Level 5:colcon.colcon_core.verb:set package 'state_estimator' build argument 'cmake_target_skip_unavailable' from command line to 'False'
[0.142s] Level 5:colcon.colcon_core.verb:set package 'state_estimator' build argument 'cmake_clean_cache' from command line to 'False'
[0.142s] Level 5:colcon.colcon_core.verb:set package 'state_estimator' build argument 'cmake_clean_first' from command line to 'False'
[0.142s] Level 5:colcon.colcon_core.verb:set package 'state_estimator' build argument 'cmake_force_configure' from command line to 'False'
[0.142s] Level 5:colcon.colcon_core.verb:set package 'state_estimator' build argument 'ament_cmake_args' from command line to 'None'
[0.142s] Level 5:colcon.colcon_core.verb:set package 'state_estimator' build argument 'catkin_cmake_args' from command line to 'None'
[0.142s] Level 5:colcon.colcon_core.verb:set package 'state_estimator' build argument 'catkin_skip_building_tests' from command line to 'False'
[0.142s] DEBUG:colcon.colcon_core.verb:Building package 'state_estimator' with the following arguments: {'ament_cmake_args': None, 'build_base': '/home/vatshvan/GahanAi_GNSS_DR_IMU/build/state_estimator', 'catkin_cmake_args': None, 'catkin_skip_building_tests': False, 'cmake_args': None, 'cmake_clean_cache': False, 'cmake_clean_first': False, 'cmake_force_configure': False, 'cmake_target': None, 'cmake_target_skip_unavailable': False, 'install_base': '/home/vatshvan/GahanAi_GNSS_DR_IMU/install/state_estimator', 'merge_install': False, 'path': '/home/vatshvan/GahanAi_GNSS_DR_IMU/state_estimator', 'symlink_install': False, 'test_result_base': None}
[0.142s] INFO:colcon.colcon_core.executor:Executing jobs using 'parallel' executor
[0.143s] DEBUG:colcon.colcon_parallel_executor.executor.parallel:run_until_complete
[0.143s] INFO:colcon.colcon_ros.task.ament_python.build:Building ROS package in '/home/vatshvan/GahanAi_GNSS_DR_IMU/state_estimator' with build type 'ament_python'
[0.143s] Level 1:colcon.colcon_core.shell:create_environment_hook('state_estimator', 'ament_prefix_path')
[0.145s] INFO:colcon.colcon_core.plugin_system:Skipping extension 'colcon_core.shell.bat': Not used on non-Windows systems
[0.145s] INFO:colcon.colcon_core.shell:Creating environment hook '/home/vatshvan/GahanAi_GNSS_DR_IMU/install/state_estimator/share/state_estimator/hook/ament_prefix_path.ps1'
[0.146s] INFO:colcon.colcon_core.shell:Creating environment descriptor '/home/vatshvan/GahanAi_GNSS_DR_IMU/install/state_estimator/share/state_estimator/hook/ament_prefix_path.dsv'
[0.146s] INFO:colcon.colcon_core.shell:Creating environment hook '/home/vatshvan/GahanAi_GNSS_DR_IMU/install/state_estimator/share/state_estimator/hook/ament_prefix_path.sh'
[0.147s] INFO:colcon.colcon_core.shell:Skip shell extension 'powershell' for command environment: Not usable outside of PowerShell
[0.147s] DEBUG:colcon.colcon_core.shell:Skip shell extension 'dsv' for command environment
[0.273s] INFO:colcon.colcon_core.task.python.build:Building Python package in '/home/vatshvan/GahanAi_GNSS_DR_IMU/state_estimator'
[0.274s] INFO:colcon.colcon_core.shell:Skip shell extension 'powershell' for command environment: Not usable outside of PowerShell
[0.274s] DEBUG:colcon.colcon_core.shell:Skip shell extension 'dsv' for command environment
[0.567s] DEBUG:colcon.colcon_core.event_handler.log_command:Invoking command in '/home/vatshvan/GahanAi_GNSS_DR_IMU/state_estimator': PYTHONPATH=/home/vatshvan/GahanAi_GNSS_DR_IMU/build/state_estimator/prefix_override:/usr/lib/python3/dist-packages/colcon_core/task/python/colcon_distutils_commands:/home/vatshvan/GahanAi_GNSS_DR_IMU/install/state_estimator/lib/python3.10/site-packages:${PYTHONPATH} /usr/bin/python3 -W ignore:setup.py install is deprecated -W ignore:easy_install command is deprecated setup.py egg_info --egg-base ../build/state_estimator build --build-base /home/vatshvan/GahanAi_GNSS_DR_IMU/build/state_estimator/build install --record /home/vatshvan/GahanAi_GNSS_DR_IMU/build/state_estimator/install.log --single-version-externally-managed install_data
[0.864s] DEBUG:colcon.colcon_core.event_handler.log_command:Invoked command in '/home/vatshvan/GahanAi_GNSS_DR_IMU/state_estimator' returned '0': PYTHONPATH=/home/vatshvan/GahanAi_GNSS_DR_IMU/build/state_estimator/prefix_override:/usr/lib/python3/dist-packages/colcon_core/task/python/colcon_distutils_commands:/home/vatshvan/GahanAi_GNSS_DR_IMU/install/state_estimator/lib/python3.10/site-packages:${PYTHONPATH} /usr/bin/python3 -W ignore:setup.py install is deprecated -W ignore:easy_install command is deprecated setup.py egg_info --egg-base ../build/state_estimator build --build-base /home/vatshvan/GahanAi_GNSS_DR_IMU/build/state_estimator/build install --record /home/vatshvan/GahanAi_GNSS_DR_IMU/build/state_estimator/install.log --single-version-externally-managed install_data
[0.866s] Level 1:colcon.colcon_core.environment:checking '/home/vatshvan/GahanAi_GNSS_DR_IMU/install/state_estimator' for CMake module files
[0.867s] Level 1:colcon.colcon_core.environment:checking '/home/vatshvan/GahanAi_GNSS_DR_IMU/install/state_estimator' for CMake config files
[0.867s] Level 1:colcon.colcon_core.environment:checking '/home/vatshvan/GahanAi_GNSS_DR_IMU/install/state_estimator/lib'
[0.868s] Level 1:colcon.colcon_core.environment:checking '/home/vatshvan/GahanAi_GNSS_DR_IMU/install/state_estimator/bin'
[0.868s] Level 1:colcon.colcon_core.environment:checking '/home/vatshvan/GahanAi_GNSS_DR_IMU/install/state_estimator/lib/pkgconfig/state_estimator.pc'
[0.868s] Level 1:colcon.colcon_core.environment:checking '/home/vatshvan/GahanAi_GNSS_DR_IMU/install/state_estimator/lib/python3.10/site-packages'
[0.868s] Level 1:colcon.colcon_core.shell:create_environment_hook('state_estimator', 'pythonpath')
[0.868s] INFO:colcon.colcon_core.shell:Creating environment hook '/home/vatshvan/GahanAi_GNSS_DR_IMU/install/state_estimator/share/state_estimator/hook/pythonpath.ps1'
[0.869s] INFO:colcon.colcon_core.shell:Creating environment descriptor '/home/vatshvan/GahanAi_GNSS_DR_IMU/install/state_estimator/share/state_estimator/hook/pythonpath.dsv'
[0.869s] INFO:colcon.colcon_core.shell:Creating environment hook '/home/vatshvan/GahanAi_GNSS_DR_IMU/install/state_estimator/share/state_estimator/hook/pythonpath.sh'
[0.870s] Level 1:colcon.colcon_core.environment:checking '/home/vatshvan/GahanAi_GNSS_DR_IMU/install/state_estimator/bin'
[0.870s] Level 1:colcon.colcon_core.environment:create_environment_scripts_only(state_estimator)
[0.870s] INFO:colcon.colcon_core.shell:Creating package script '/home/vatshvan/GahanAi_GNSS_DR_IMU/install/state_estimator/share/state_estimator/package.ps1'
[0.871s] INFO:colcon.colcon_core.shell:Creating package descriptor '/home/vatshvan/GahanAi_GNSS_DR_IMU/install/state_estimator/share/state_estimator/package.dsv'
[0.871s] INFO:colcon.colcon_core.shell:Creating package script '/home/vatshvan/GahanAi_GNSS_DR_IMU/install/state_estimator/share/state_estimator/package.sh'
[0.872s] INFO:colcon.colcon_core.shell:Creating package script '/home/vatshvan/GahanAi_GNSS_DR_IMU/install/state_estimator/share/state_estimator/package.bash'
[0.872s] INFO:colcon.colcon_core.shell:Creating package script '/home/vatshvan/GahanAi_GNSS_DR_IMU/install/state_estimator/share/state_estimator/package.zsh'
[0.873s] Level 1:colcon.colcon_core.environment:create_file_with_runtime_dependencies(/home/vatshvan/GahanAi_GNSS_DR_IMU/install/state_estimator/share/colcon-core/packages/state_estimator)
[0.873s] DEBUG:colcon.colcon_parallel_executor.executor.parallel:closing loop
[0.873s] DEBUG:colcon.colcon_parallel_executor.executor.parallel:loop closed
[0.873s] DEBUG:colcon.colcon_parallel_executor.executor.parallel:run_until_complete finished with '0'
[0.873s] DEBUG:colcon.colcon_core.event_reactor:joining thread
[0.878s] INFO:colcon.colcon_core.plugin_system:Skipping extension 'colcon_notification.desktop_notification.terminal_notifier': Not used on non-Darwin systems
[0.878s] INFO:colcon.colcon_core.plugin_system:Skipping extension 'colcon_notification.desktop_notification.win32': Not used on non-Windows systems
[0.878s] INFO:colcon.colcon_notification.desktop_notification:Sending desktop notification using 'notify2'
[0.884s] DEBUG:colcon.colcon_core.event_reactor:joined thread
[0.884s] INFO:colcon.colcon_core.shell:Creating prefix script '/home/vatshvan/GahanAi_GNSS_DR_IMU/install/local_setup.ps1'
[0.885s] INFO:colcon.colcon_core.shell:Creating prefix util module '/home/vatshvan/GahanAi_GNSS_DR_IMU/install/_local_setup_util_ps1.py'
[0.885s] INFO:colcon.colcon_core.shell:Creating prefix chain script '/home/vatshvan/GahanAi_GNSS_DR_IMU/install/setup.ps1'
[0.886s] INFO:colcon.colcon_core.shell:Creating prefix script '/home/vatshvan/GahanAi_GNSS_DR_IMU/install/local_setup.sh'
[0.886s] INFO:colcon.colcon_core.shell:Creating prefix util module '/home/vatshvan/GahanAi_GNSS_DR_IMU/install/_local_setup_util_sh.py'
[0.887s] INFO:colcon.colcon_core.shell:Creating prefix chain script '/home/vatshvan/GahanAi_GNSS_DR_IMU/install/setup.sh'
[0.887s] INFO:colcon.colcon_core.shell:Creating prefix script '/home/vatshvan/GahanAi_GNSS_DR_IMU/install/local_setup.bash'
[0.887s] INFO:colcon.colcon_core.shell:Creating prefix chain script '/home/vatshvan/GahanAi_GNSS_DR_IMU/install/setup.bash'
[0.888s] INFO:colcon.colcon_core.shell:Creating prefix script '/home/vatshvan/GahanAi_GNSS_DR_IMU/install/local_setup.zsh'
[0.888s] INFO:colcon.colcon_core.shell:Creating prefix chain script '/home/vatshvan/GahanAi_GNSS_DR_IMU/install/setup.zsh'
