running egg_info
writing ../build/state_estimator/state_estimator.egg-info/PKG-INFO
writing dependency_links to ../build/state_estimator/state_estimator.egg-info/dependency_links.txt
writing entry points to ../build/state_estimator/state_estimator.egg-info/entry_points.txt
writing requirements to ../build/state_estimator/state_estimator.egg-info/requires.txt
writing top-level names to ../build/state_estimator/state_estimator.egg-info/top_level.txt
reading manifest file '../build/state_estimator/state_estimator.egg-info/SOURCES.txt'
writing manifest file '../build/state_estimator/state_estimator.egg-info/SOURCES.txt'
running build
running build_py
copying state_estimator/ekf_ros_node.py -> /home/vatshvan/GahanAi_GNSS_DR_IMU/build/state_estimator/build/lib/state_estimator
copying state_estimator/ekf_core.py -> /home/vatshvan/GahanAi_GNSS_DR_IMU/build/state_estimator/build/lib/state_estimator
running install
running install_lib
running install_data
copying launch/ekf_vehicle_launch.py -> /home/vatshvan/GahanAi_GNSS_DR_IMU/install/state_estimator/share/state_estimator/launch
copying config/ekf_params.yaml -> /home/vatshvan/GahanAi_GNSS_DR_IMU/install/state_estimator/share/state_estimator/config
running install_egg_info
removing '/home/vatshvan/GahanAi_GNSS_DR_IMU/install/state_estimator/lib/python3.10/site-packages/state_estimator-0.0.0-py3.10.egg-info' (and everything under it)
Copying ../build/state_estimator/state_estimator.egg-info to /home/vatshvan/GahanAi_GNSS_DR_IMU/install/state_estimator/lib/python3.10/site-packages/state_estimator-0.0.0-py3.10.egg-info
running install_scripts
Installing ekf_node script to /home/vatshvan/GahanAi_GNSS_DR_IMU/install/state_estimator/lib/state_estimator
writing list of installed files to '/home/vatshvan/GahanAi_GNSS_DR_IMU/build/state_estimator/install.log'
