[0.407s] Invoking command in '/home/vatshvan/GahanAi_GNSS_DR_IMU/state_estimator': PYTHONPATH=/home/vatshvan/GahanAi_GNSS_DR_IMU/build/state_estimator/prefix_override:/usr/lib/python3/dist-packages/colcon_core/task/python/colcon_distutils_commands:/home/vatshvan/GahanAi_GNSS_DR_IMU/install/state_estimator/lib/python3.10/site-packages:${PYTHONPATH} /usr/bin/python3 -W ignore:setup.py install is deprecated -W ignore:easy_install command is deprecated setup.py egg_info --egg-base ../build/state_estimator build --build-base /home/vatshvan/GahanAi_GNSS_DR_IMU/build/state_estimator/build install --record /home/vatshvan/GahanAi_GNSS_DR_IMU/build/state_estimator/install.log --single-version-externally-managed install_data
[0.557s] running egg_info
[0.566s] creating ../build/state_estimator/state_estimator.egg-info
[0.566s] writing ../build/state_estimator/state_estimator.egg-info/PKG-INFO
[0.567s] writing dependency_links to ../build/state_estimator/state_estimator.egg-info/dependency_links.txt
[0.567s] writing entry points to ../build/state_estimator/state_estimator.egg-info/entry_points.txt
[0.567s] writing requirements to ../build/state_estimator/state_estimator.egg-info/requires.txt
[0.567s] writing top-level names to ../build/state_estimator/state_estimator.egg-info/top_level.txt
[0.567s] writing manifest file '../build/state_estimator/state_estimator.egg-info/SOURCES.txt'
[0.587s] reading manifest file '../build/state_estimator/state_estimator.egg-info/SOURCES.txt'
[0.587s] writing manifest file '../build/state_estimator/state_estimator.egg-info/SOURCES.txt'
[0.588s] running build
[0.588s] running build_py
[0.588s] creating /home/vatshvan/GahanAi_GNSS_DR_IMU/build/state_estimator/build/lib/state_estimator
[0.588s] copying state_estimator/ekf_ros_node.py -> /home/vatshvan/GahanAi_GNSS_DR_IMU/build/state_estimator/build/lib/state_estimator
[0.588s] copying state_estimator/ekf_sim.py -> /home/vatshvan/GahanAi_GNSS_DR_IMU/build/state_estimator/build/lib/state_estimator
[0.588s] copying state_estimator/ekf_core.py -> /home/vatshvan/GahanAi_GNSS_DR_IMU/build/state_estimator/build/lib/state_estimator
[0.588s] copying state_estimator/__init__.py -> /home/vatshvan/GahanAi_GNSS_DR_IMU/build/state_estimator/build/lib/state_estimator
[0.588s] running install
[0.591s] running install_lib
[0.601s] creating /home/vatshvan/GahanAi_GNSS_DR_IMU/install/state_estimator/lib/python3.10/site-packages/state_estimator
[0.601s] copying /home/vatshvan/GahanAi_GNSS_DR_IMU/build/state_estimator/build/lib/state_estimator/ekf_ros_node.py -> /home/vatshvan/GahanAi_GNSS_DR_IMU/install/state_estimator/lib/python3.10/site-packages/state_estimator
[0.601s] copying /home/vatshvan/GahanAi_GNSS_DR_IMU/build/state_estimator/build/lib/state_estimator/ekf_sim.py -> /home/vatshvan/GahanAi_GNSS_DR_IMU/install/state_estimator/lib/python3.10/site-packages/state_estimator
[0.601s] copying /home/vatshvan/GahanAi_GNSS_DR_IMU/build/state_estimator/build/lib/state_estimator/ekf_core.py -> /home/vatshvan/GahanAi_GNSS_DR_IMU/install/state_estimator/lib/python3.10/site-packages/state_estimator
[0.601s] copying /home/vatshvan/GahanAi_GNSS_DR_IMU/build/state_estimator/build/lib/state_estimator/__init__.py -> /home/vatshvan/GahanAi_GNSS_DR_IMU/install/state_estimator/lib/python3.10/site-packages/state_estimator
[0.601s] byte-compiling /home/vatshvan/GahanAi_GNSS_DR_IMU/install/state_estimator/lib/python3.10/site-packages/state_estimator/ekf_ros_node.py to ekf_ros_node.cpython-310.pyc
[0.602s] byte-compiling /home/vatshvan/GahanAi_GNSS_DR_IMU/install/state_estimator/lib/python3.10/site-packages/state_estimator/ekf_sim.py to ekf_sim.cpython-310.pyc
[0.603s] byte-compiling /home/vatshvan/GahanAi_GNSS_DR_IMU/install/state_estimator/lib/python3.10/site-packages/state_estimator/ekf_core.py to ekf_core.cpython-310.pyc
[0.603s] byte-compiling /home/vatshvan/GahanAi_GNSS_DR_IMU/install/state_estimator/lib/python3.10/site-packages/state_estimator/__init__.py to __init__.cpython-310.pyc
[0.603s] running install_data
[0.604s] creating /home/vatshvan/GahanAi_GNSS_DR_IMU/install/state_estimator/share/ament_index/resource_index/packages
[0.604s] copying resource/state_estimator -> /home/vatshvan/GahanAi_GNSS_DR_IMU/install/state_estimator/share/ament_index/resource_index/packages
[0.604s] copying package.xml -> /home/vatshvan/GahanAi_GNSS_DR_IMU/install/state_estimator/share/state_estimator
[0.604s] creating /home/vatshvan/GahanAi_GNSS_DR_IMU/install/state_estimator/share/state_estimator/launch
[0.604s] copying launch/ekf_vehicle_launch.py -> /home/vatshvan/GahanAi_GNSS_DR_IMU/install/state_estimator/share/state_estimator/launch
[0.604s] creating /home/vatshvan/GahanAi_GNSS_DR_IMU/install/state_estimator/share/state_estimator/config
[0.604s] copying config/ekf_params.yaml -> /home/vatshvan/GahanAi_GNSS_DR_IMU/install/state_estimator/share/state_estimator/config
[0.604s] running install_egg_info
[0.615s] Copying ../build/state_estimator/state_estimator.egg-info to /home/vatshvan/GahanAi_GNSS_DR_IMU/install/state_estimator/lib/python3.10/site-packages/state_estimator-0.0.0-py3.10.egg-info
[0.615s] running install_scripts
[0.688s] Installing ekf_node script to /home/vatshvan/GahanAi_GNSS_DR_IMU/install/state_estimator/lib/state_estimator
[0.688s] writing list of installed files to '/home/vatshvan/GahanAi_GNSS_DR_IMU/build/state_estimator/install.log'
[0.705s] Invoked command in '/home/vatshvan/GahanAi_GNSS_DR_IMU/state_estimator' returned '0': PYTHONPATH=/home/vatshvan/GahanAi_GNSS_DR_IMU/build/state_estimator/prefix_override:/usr/lib/python3/dist-packages/colcon_core/task/python/colcon_distutils_commands:/home/vatshvan/GahanAi_GNSS_DR_IMU/install/state_estimator/lib/python3.10/site-packages:${PYTHONPATH} /usr/bin/python3 -W ignore:setup.py install is deprecated -W ignore:easy_install command is deprecated setup.py egg_info --egg-base ../build/state_estimator build --build-base /home/vatshvan/GahanAi_GNSS_DR_IMU/build/state_estimator/build install --record /home/vatshvan/GahanAi_GNSS_DR_IMU/build/state_estimator/install.log --single-version-externally-managed install_data
