[0.405s] Invoking command in '/home/vatshvan/GahanAi_GNSS_DR_IMU/state_estimator/build/state_estimator': PYTHONPATH=/home/vatshvan/GahanAi_GNSS_DR_IMU/state_estimator/build/state_estimator/prefix_override:/usr/lib/python3/dist-packages/colcon_core/task/python/colcon_distutils_commands:/home/vatshvan/GahanAi_GNSS_DR_IMU/state_estimator/install/state_estimator/lib/python3.10/site-packages:${PYTHONPATH} /usr/bin/python3 -W ignore:setup.py install is deprecated -W ignore:easy_install command is deprecated setup.py develop --editable --build-directory /home/vatshvan/GahanAi_GNSS_DR_IMU/state_estimator/build/state_estimator/build --no-deps symlink_data
[0.494s] /home/vatshvan/.local/lib/python3.10/site-packages/setuptools/_distutils/dist.py:289: UserWarning: Unknown distribution option: 'tests_require'
[0.494s]   warnings.warn(msg)
[0.588s] running develop
[0.704s] running egg_info
[0.712s] creating src/state_estimator.egg-info
[0.713s] writing src/state_estimator.egg-info/PKG-INFO
[0.713s] writing dependency_links to src/state_estimator.egg-info/dependency_links.txt
[0.713s] writing entry points to src/state_estimator.egg-info/entry_points.txt
[0.713s] writing requirements to src/state_estimator.egg-info/requires.txt
[0.713s] writing top-level names to src/state_estimator.egg-info/top_level.txt
[0.713s] writing manifest file 'src/state_estimator.egg-info/SOURCES.txt'
[0.730s] reading manifest file 'src/state_estimator.egg-info/SOURCES.txt'
[0.731s] writing manifest file 'src/state_estimator.egg-info/SOURCES.txt'
[0.740s] running build_ext
[0.740s] Creating /home/vatshvan/GahanAi_GNSS_DR_IMU/state_estimator/install/state_estimator/lib/python3.10/site-packages/state-estimator.egg-link (link to src)
[0.740s] Installing ekf_node script to /home/vatshvan/GahanAi_GNSS_DR_IMU/state_estimator/install/state_estimator/lib/state_estimator
[0.741s] Installing gnss_node script to /home/vatshvan/GahanAi_GNSS_DR_IMU/state_estimator/install/state_estimator/lib/state_estimator
[0.741s] Installing imu_bridge script to /home/vatshvan/GahanAi_GNSS_DR_IMU/state_estimator/install/state_estimator/lib/state_estimator
[0.741s] 
[0.741s] Installed /home/vatshvan/GahanAi_GNSS_DR_IMU/state_estimator/build/state_estimator/src
[0.741s] running symlink_data
[0.760s] Invoked command in '/home/vatshvan/GahanAi_GNSS_DR_IMU/state_estimator/build/state_estimator' returned '0': PYTHONPATH=/home/vatshvan/GahanAi_GNSS_DR_IMU/state_estimator/build/state_estimator/prefix_override:/usr/lib/python3/dist-packages/colcon_core/task/python/colcon_distutils_commands:/home/vatshvan/GahanAi_GNSS_DR_IMU/state_estimator/install/state_estimator/lib/python3.10/site-packages:${PYTHONPATH} /usr/bin/python3 -W ignore:setup.py install is deprecated -W ignore:easy_install command is deprecated setup.py develop --editable --build-directory /home/vatshvan/GahanAi_GNSS_DR_IMU/state_estimator/build/state_estimator/build --no-deps symlink_data
