[0.418s] Invoking command in '/home/vatshvan/GahanAi_GNSS_DR_IMU/state_estimator/build/state_estimator': PYTHONPATH=/home/vatshvan/GahanAi_GNSS_DR_IMU/state_estimator/build/state_estimator/prefix_override:/usr/lib/python3/dist-packages/colcon_core/task/python/colcon_distutils_commands:/home/vatshvan/GahanAi_GNSS_DR_IMU/state_estimator/install/state_estimator/lib/python3.10/site-packages:${PYTHONPATH} /usr/bin/python3 -W ignore:setup.py install is deprecated -W ignore:easy_install command is deprecated setup.py develop --editable --build-directory /home/vatshvan/GahanAi_GNSS_DR_IMU/state_estimator/build/state_estimator/build --no-deps symlink_data
[0.605s] running develop
[0.724s] running egg_info
[0.733s] creating state_estimator.egg-info
[0.733s] writing state_estimator.egg-info/PKG-INFO
[0.733s] writing dependency_links to state_estimator.egg-info/dependency_links.txt
[0.734s] writing entry points to state_estimator.egg-info/entry_points.txt
[0.734s] writing requirements to state_estimator.egg-info/requires.txt
[0.734s] writing top-level names to state_estimator.egg-info/top_level.txt
[0.734s] writing manifest file 'state_estimator.egg-info/SOURCES.txt'
[0.743s] reading manifest file 'state_estimator.egg-info/SOURCES.txt'
[0.743s] writing manifest file 'state_estimator.egg-info/SOURCES.txt'
[0.753s] running build_ext
[0.761s] Creating /home/vatshvan/GahanAi_GNSS_DR_IMU/state_estimator/install/state_estimator/lib/python3.10/site-packages/state-estimator.egg-link (link to .)
[0.761s] Installing ekf_node script to /home/vatshvan/GahanAi_GNSS_DR_IMU/state_estimator/install/state_estimator/lib/state_estimator
[0.761s] Installing gnss_node script to /home/vatshvan/GahanAi_GNSS_DR_IMU/state_estimator/install/state_estimator/lib/state_estimator
[0.761s] Installing imu_bridge script to /home/vatshvan/GahanAi_GNSS_DR_IMU/state_estimator/install/state_estimator/lib/state_estimator
[0.762s] 
[0.762s] Installed /home/vatshvan/GahanAi_GNSS_DR_IMU/state_estimator/build/state_estimator
[0.762s] running symlink_data
[0.762s] creating /home/vatshvan/GahanAi_GNSS_DR_IMU/state_estimator/install/state_estimator/share/ament_index/resource_index/packages
[0.762s] symbolically linking /home/vatshvan/GahanAi_GNSS_DR_IMU/state_estimator/build/state_estimator/resource/state_estimator -> /home/vatshvan/GahanAi_GNSS_DR_IMU/state_estimator/install/state_estimator/share/ament_index/resource_index/packages
[0.762s] symbolically linking /home/vatshvan/GahanAi_GNSS_DR_IMU/state_estimator/build/state_estimator/package.xml -> /home/vatshvan/GahanAi_GNSS_DR_IMU/state_estimator/install/state_estimator/share/state_estimator
[0.762s] creating /home/vatshvan/GahanAi_GNSS_DR_IMU/state_estimator/install/state_estimator/share/state_estimator/launch
[0.762s] symbolically linking /home/vatshvan/GahanAi_GNSS_DR_IMU/state_estimator/build/state_estimator/launch/ekf_vehicle_launch.py -> /home/vatshvan/GahanAi_GNSS_DR_IMU/state_estimator/install/state_estimator/share/state_estimator/launch
[0.762s] creating /home/vatshvan/GahanAi_GNSS_DR_IMU/state_estimator/install/state_estimator/share/state_estimator/config
[0.762s] symbolically linking /home/vatshvan/GahanAi_GNSS_DR_IMU/state_estimator/build/state_estimator/config/ekf_params.yaml -> /home/vatshvan/GahanAi_GNSS_DR_IMU/state_estimator/install/state_estimator/share/state_estimator/config
[0.781s] Invoked command in '/home/vatshvan/GahanAi_GNSS_DR_IMU/state_estimator/build/state_estimator' returned '0': PYTHONPATH=/home/vatshvan/GahanAi_GNSS_DR_IMU/state_estimator/build/state_estimator/prefix_override:/usr/lib/python3/dist-packages/colcon_core/task/python/colcon_distutils_commands:/home/vatshvan/GahanAi_GNSS_DR_IMU/state_estimator/install/state_estimator/lib/python3.10/site-packages:${PYTHONPATH} /usr/bin/python3 -W ignore:setup.py install is deprecated -W ignore:easy_install command is deprecated setup.py develop --editable --build-directory /home/vatshvan/GahanAi_GNSS_DR_IMU/state_estimator/build/state_estimator/build --no-deps symlink_data
