[0.092s] DEBUG:colcon:Command line arguments: ['/usr/bin/colcon', 'build', '--symlink-install']
[0.092s] DEBUG:colcon:Parsed command line arguments: Namespace(log_base=None, log_level=None, verb_name='build', build_base='build', install_base='install', merge_install=False, symlink_install=True, test_result_base=None, continue_on_error=False, executor='parallel', parallel_workers=12, event_handlers=None, ignore_user_meta=False, metas=['./colcon.meta'], base_paths=['.'], packages_ignore=None, packages_ignore_regex=None, paths=None, packages_up_to=None, packages_up_to_regex=None, packages_above=None, packages_above_and_dependencies=None, packages_above_depth=None, packages_select_by_dep=None, packages_skip_by_dep=None, packages_skip_up_to=None, packages_select_build_failed=False, packages_skip_build_finished=False, packages_select_test_failures=False, packages_skip_test_passed=False, packages_select=None, packages_skip=None, packages_select_regex=None, packages_skip_regex=None, packages_start=None, packages_end=None, allow_overriding=[], cmake_args=None, cmake_target=None, cmake_target_skip_unavailable=False, cmake_clean_cache=False, cmake_clean_first=False, cmake_force_configure=False, ament_cmake_args=None, catkin_cmake_args=None, catkin_skip_building_tests=False, mixin_files=None, mixin=None, verb_parser=<colcon_mixin.mixin.mixin_argument.MixinArgumentDecorator object at 0x7ec480877580>, verb_extension=<colcon_core.verb.build.BuildVerb object at 0x7ec4809b44f0>, main=<bound method BuildVerb.main of <colcon_core.verb.build.BuildVerb object at 0x7ec4809b44f0>>, mixin_verb=('build',))
[0.124s] Level 1:colcon.colcon_core.package_discovery:discover_packages(colcon_meta) check parameters
[0.124s] Level 1:colcon.colcon_core.package_discovery:discover_packages(recursive) check parameters
[0.124s] Level 1:colcon.colcon_core.package_discovery:discover_packages(ignore) check parameters
[0.124s] Level 1:colcon.colcon_core.package_discovery:discover_packages(path) check parameters
[0.124s] Level 1:colcon.colcon_core.package_discovery:discover_packages(colcon_meta) discover
[0.124s] Level 1:colcon.colcon_core.package_discovery:discover_packages(recursive) discover
[0.124s] INFO:colcon.colcon_core.package_discovery:Crawling recursively for packages in '/home/vatshvan/GahanAi_GNSS_DR_IMU'
[0.124s] Level 1:colcon.colcon_core.package_identification:_identify(.) by extensions ['ignore', 'ignore_ament_install']
[0.124s] Level 1:colcon.colcon_core.package_identification:_identify(.) by extension 'ignore'
[0.124s] Level 1:colcon.colcon_core.package_identification:_identify(.) by extension 'ignore_ament_install'
[0.124s] Level 1:colcon.colcon_core.package_identification:_identify(.) by extensions ['colcon_pkg']
[0.124s] Level 1:colcon.colcon_core.package_identification:_identify(.) by extension 'colcon_pkg'
[0.124s] Level 1:colcon.colcon_core.package_identification:_identify(.) by extensions ['colcon_meta']
[0.124s] Level 1:colcon.colcon_core.package_identification:_identify(.) by extension 'colcon_meta'
[0.124s] Level 1:colcon.colcon_core.package_identification:_identify(.) by extensions ['ros']
[0.124s] Level 1:colcon.colcon_core.package_identification:_identify(.) by extension 'ros'
[0.134s] Level 1:colcon.colcon_core.package_identification:_identify(.) by extensions ['cmake', 'python']
[0.134s] Level 1:colcon.colcon_core.package_identification:_identify(.) by extension 'cmake'
[0.134s] Level 1:colcon.colcon_core.package_identification:_identify(.) by extension 'python'
[0.134s] Level 1:colcon.colcon_core.package_identification:_identify(.) by extensions ['python_setup_py']
[0.134s] Level 1:colcon.colcon_core.package_identification:_identify(.) by extension 'python_setup_py'
[0.134s] Level 1:colcon.colcon_core.package_identification:_identify(build) by extensions ['ignore', 'ignore_ament_install']
[0.134s] Level 1:colcon.colcon_core.package_identification:_identify(build) by extension 'ignore'
[0.134s] Level 1:colcon.colcon_core.package_identification:_identify(build) ignored
[0.134s] Level 1:colcon.colcon_core.package_identification:_identify(install) by extensions ['ignore', 'ignore_ament_install']
[0.134s] Level 1:colcon.colcon_core.package_identification:_identify(install) by extension 'ignore'
[0.134s] Level 1:colcon.colcon_core.package_identification:_identify(install) ignored
[0.134s] Level 1:colcon.colcon_core.package_identification:_identify(log) by extensions ['ignore', 'ignore_ament_install']
[0.134s] Level 1:colcon.colcon_core.package_identification:_identify(log) by extension 'ignore'
[0.134s] Level 1:colcon.colcon_core.package_identification:_identify(log) ignored
[0.134s] Level 1:colcon.colcon_core.package_identification:_identify(raw) by extensions ['ignore', 'ignore_ament_install']
[0.135s] Level 1:colcon.colcon_core.package_identification:_identify(raw) by extension 'ignore'
[0.135s] Level 1:colcon.colcon_core.package_identification:_identify(raw) by extension 'ignore_ament_install'
[0.135s] Level 1:colcon.colcon_core.package_identification:_identify(raw) by extensions ['colcon_pkg']
[0.135s] Level 1:colcon.colcon_core.package_identification:_identify(raw) by extension 'colcon_pkg'
[0.135s] Level 1:colcon.colcon_core.package_identification:_identify(raw) by extensions ['colcon_meta']
[0.135s] Level 1:colcon.colcon_core.package_identification:_identify(raw) by extension 'colcon_meta'
[0.135s] Level 1:colcon.colcon_core.package_identification:_identify(raw) by extensions ['ros']
[0.135s] Level 1:colcon.colcon_core.package_identification:_identify(raw) by extension 'ros'
[0.135s] Level 1:colcon.colcon_core.package_identification:_identify(raw) by extensions ['cmake', 'python']
[0.135s] Level 1:colcon.colcon_core.package_identification:_identify(raw) by extension 'cmake'
[0.135s] Level 1:colcon.colcon_core.package_identification:_identify(raw) by extension 'python'
[0.135s] Level 1:colcon.colcon_core.package_identification:_identify(raw) by extensions ['python_setup_py']
[0.135s] Level 1:colcon.colcon_core.package_identification:_identify(raw) by extension 'python_setup_py'
[0.135s] Level 1:colcon.colcon_core.package_identification:_identify(raw/GNSS_MPC_GPS) by extensions ['ignore', 'ignore_ament_install']
[0.135s] Level 1:colcon.colcon_core.package_identification:_identify(raw/GNSS_MPC_GPS) by extension 'ignore'
[0.135s] Level 1:colcon.colcon_core.package_identification:_identify(raw/GNSS_MPC_GPS) by extension 'ignore_ament_install'
[0.135s] Level 1:colcon.colcon_core.package_identification:_identify(raw/GNSS_MPC_GPS) by extensions ['colcon_pkg']
[0.135s] Level 1:colcon.colcon_core.package_identification:_identify(raw/GNSS_MPC_GPS) by extension 'colcon_pkg'
[0.135s] Level 1:colcon.colcon_core.package_identification:_identify(raw/GNSS_MPC_GPS) by extensions ['colcon_meta']
[0.135s] Level 1:colcon.colcon_core.package_identification:_identify(raw/GNSS_MPC_GPS) by extension 'colcon_meta'
[0.135s] Level 1:colcon.colcon_core.package_identification:_identify(raw/GNSS_MPC_GPS) by extensions ['ros']
[0.135s] Level 1:colcon.colcon_core.package_identification:_identify(raw/GNSS_MPC_GPS) by extension 'ros'
[0.135s] Level 1:colcon.colcon_core.package_identification:_identify(raw/GNSS_MPC_GPS) by extensions ['cmake', 'python']
[0.135s] Level 1:colcon.colcon_core.package_identification:_identify(raw/GNSS_MPC_GPS) by extension 'cmake'
[0.135s] Level 1:colcon.colcon_core.package_identification:_identify(raw/GNSS_MPC_GPS) by extension 'python'
[0.135s] Level 1:colcon.colcon_core.package_identification:_identify(raw/GNSS_MPC_GPS) by extensions ['python_setup_py']
[0.135s] Level 1:colcon.colcon_core.package_identification:_identify(raw/GNSS_MPC_GPS) by extension 'python_setup_py'
[0.135s] Level 1:colcon.colcon_core.package_identification:_identify(raw/GNSS_MPC_GPS/GPS) by extensions ['ignore', 'ignore_ament_install']
[0.135s] Level 1:colcon.colcon_core.package_identification:_identify(raw/GNSS_MPC_GPS/GPS) by extension 'ignore'
[0.135s] Level 1:colcon.colcon_core.package_identification:_identify(raw/GNSS_MPC_GPS/GPS) by extension 'ignore_ament_install'
[0.135s] Level 1:colcon.colcon_core.package_identification:_identify(raw/GNSS_MPC_GPS/GPS) by extensions ['colcon_pkg']
[0.135s] Level 1:colcon.colcon_core.package_identification:_identify(raw/GNSS_MPC_GPS/GPS) by extension 'colcon_pkg'
[0.135s] Level 1:colcon.colcon_core.package_identification:_identify(raw/GNSS_MPC_GPS/GPS) by extensions ['colcon_meta']
[0.135s] Level 1:colcon.colcon_core.package_identification:_identify(raw/GNSS_MPC_GPS/GPS) by extension 'colcon_meta'
[0.135s] Level 1:colcon.colcon_core.package_identification:_identify(raw/GNSS_MPC_GPS/GPS) by extensions ['ros']
[0.135s] Level 1:colcon.colcon_core.package_identification:_identify(raw/GNSS_MPC_GPS/GPS) by extension 'ros'
[0.135s] Level 1:colcon.colcon_core.package_identification:_identify(raw/GNSS_MPC_GPS/GPS) by extensions ['cmake', 'python']
[0.135s] Level 1:colcon.colcon_core.package_identification:_identify(raw/GNSS_MPC_GPS/GPS) by extension 'cmake'
[0.135s] Level 1:colcon.colcon_core.package_identification:_identify(raw/GNSS_MPC_GPS/GPS) by extension 'python'
[0.135s] Level 1:colcon.colcon_core.package_identification:_identify(raw/GNSS_MPC_GPS/GPS) by extensions ['python_setup_py']
[0.135s] Level 1:colcon.colcon_core.package_identification:_identify(raw/GNSS_MPC_GPS/GPS) by extension 'python_setup_py'
[0.135s] Level 1:colcon.colcon_core.package_identification:_identify(raw/RAW) by extensions ['ignore', 'ignore_ament_install']
[0.135s] Level 1:colcon.colcon_core.package_identification:_identify(raw/RAW) by extension 'ignore'
[0.136s] Level 1:colcon.colcon_core.package_identification:_identify(raw/RAW) by extension 'ignore_ament_install'
[0.136s] Level 1:colcon.colcon_core.package_identification:_identify(raw/RAW) by extensions ['colcon_pkg']
[0.136s] Level 1:colcon.colcon_core.package_identification:_identify(raw/RAW) by extension 'colcon_pkg'
[0.136s] Level 1:colcon.colcon_core.package_identification:_identify(raw/RAW) by extensions ['colcon_meta']
[0.136s] Level 1:colcon.colcon_core.package_identification:_identify(raw/RAW) by extension 'colcon_meta'
[0.136s] Level 1:colcon.colcon_core.package_identification:_identify(raw/RAW) by extensions ['ros']
[0.136s] Level 1:colcon.colcon_core.package_identification:_identify(raw/RAW) by extension 'ros'
[0.136s] Level 1:colcon.colcon_core.package_identification:_identify(raw/RAW) by extensions ['cmake', 'python']
[0.136s] Level 1:colcon.colcon_core.package_identification:_identify(raw/RAW) by extension 'cmake'
[0.136s] Level 1:colcon.colcon_core.package_identification:_identify(raw/RAW) by extension 'python'
[0.136s] Level 1:colcon.colcon_core.package_identification:_identify(raw/RAW) by extensions ['python_setup_py']
[0.136s] Level 1:colcon.colcon_core.package_identification:_identify(raw/RAW) by extension 'python_setup_py'
[0.136s] Level 1:colcon.colcon_core.package_identification:_identify(raw/RAW/RAW) by extensions ['ignore', 'ignore_ament_install']
[0.136s] Level 1:colcon.colcon_core.package_identification:_identify(raw/RAW/RAW) by extension 'ignore'
[0.136s] Level 1:colcon.colcon_core.package_identification:_identify(raw/RAW/RAW) by extension 'ignore_ament_install'
[0.136s] Level 1:colcon.colcon_core.package_identification:_identify(raw/RAW/RAW) by extensions ['colcon_pkg']
[0.136s] Level 1:colcon.colcon_core.package_identification:_identify(raw/RAW/RAW) by extension 'colcon_pkg'
[0.136s] Level 1:colcon.colcon_core.package_identification:_identify(raw/RAW/RAW) by extensions ['colcon_meta']
[0.136s] Level 1:colcon.colcon_core.package_identification:_identify(raw/RAW/RAW) by extension 'colcon_meta'
[0.136s] Level 1:colcon.colcon_core.package_identification:_identify(raw/RAW/RAW) by extensions ['ros']
[0.136s] Level 1:colcon.colcon_core.package_identification:_identify(raw/RAW/RAW) by extension 'ros'
[0.136s] Level 1:colcon.colcon_core.package_identification:_identify(raw/RAW/RAW) by extensions ['cmake', 'python']
[0.136s] Level 1:colcon.colcon_core.package_identification:_identify(raw/RAW/RAW) by extension 'cmake'
[0.136s] Level 1:colcon.colcon_core.package_identification:_identify(raw/RAW/RAW) by extension 'python'
[0.136s] Level 1:colcon.colcon_core.package_identification:_identify(raw/RAW/RAW) by extensions ['python_setup_py']
[0.136s] Level 1:colcon.colcon_core.package_identification:_identify(raw/RAW/RAW) by extension 'python_setup_py'
[0.136s] Level 1:colcon.colcon_core.package_identification:_identify(raw/dual_imu_fsync) by extensions ['ignore', 'ignore_ament_install']
[0.136s] Level 1:colcon.colcon_core.package_identification:_identify(raw/dual_imu_fsync) by extension 'ignore'
[0.136s] Level 1:colcon.colcon_core.package_identification:_identify(raw/dual_imu_fsync) by extension 'ignore_ament_install'
[0.136s] Level 1:colcon.colcon_core.package_identification:_identify(raw/dual_imu_fsync) by extensions ['colcon_pkg']
[0.136s] Level 1:colcon.colcon_core.package_identification:_identify(raw/dual_imu_fsync) by extension 'colcon_pkg'
[0.136s] Level 1:colcon.colcon_core.package_identification:_identify(raw/dual_imu_fsync) by extensions ['colcon_meta']
[0.136s] Level 1:colcon.colcon_core.package_identification:_identify(raw/dual_imu_fsync) by extension 'colcon_meta'
[0.136s] Level 1:colcon.colcon_core.package_identification:_identify(raw/dual_imu_fsync) by extensions ['ros']
[0.136s] Level 1:colcon.colcon_core.package_identification:_identify(raw/dual_imu_fsync) by extension 'ros'
[0.136s] Level 1:colcon.colcon_core.package_identification:_identify(raw/dual_imu_fsync) by extensions ['cmake', 'python']
[0.136s] Level 1:colcon.colcon_core.package_identification:_identify(raw/dual_imu_fsync) by extension 'cmake'
[0.136s] Level 1:colcon.colcon_core.package_identification:_identify(raw/dual_imu_fsync) by extension 'python'
[0.136s] Level 1:colcon.colcon_core.package_identification:_identify(raw/dual_imu_fsync) by extensions ['python_setup_py']
[0.136s] Level 1:colcon.colcon_core.package_identification:_identify(raw/dual_imu_fsync) by extension 'python_setup_py'
[0.136s] Level 1:colcon.colcon_core.package_identification:_identify(raw/dual_imu_fsync/dual_imo_esp32) by extensions ['ignore', 'ignore_ament_install']
[0.136s] Level 1:colcon.colcon_core.package_identification:_identify(raw/dual_imu_fsync/dual_imo_esp32) by extension 'ignore'
[0.136s] Level 1:colcon.colcon_core.package_identification:_identify(raw/dual_imu_fsync/dual_imo_esp32) by extension 'ignore_ament_install'
[0.136s] Level 1:colcon.colcon_core.package_identification:_identify(raw/dual_imu_fsync/dual_imo_esp32) by extensions ['colcon_pkg']
[0.136s] Level 1:colcon.colcon_core.package_identification:_identify(raw/dual_imu_fsync/dual_imo_esp32) by extension 'colcon_pkg'
[0.137s] Level 1:colcon.colcon_core.package_identification:_identify(raw/dual_imu_fsync/dual_imo_esp32) by extensions ['colcon_meta']
[0.137s] Level 1:colcon.colcon_core.package_identification:_identify(raw/dual_imu_fsync/dual_imo_esp32) by extension 'colcon_meta'
[0.137s] Level 1:colcon.colcon_core.package_identification:_identify(raw/dual_imu_fsync/dual_imo_esp32) by extensions ['ros']
[0.137s] Level 1:colcon.colcon_core.package_identification:_identify(raw/dual_imu_fsync/dual_imo_esp32) by extension 'ros'
[0.137s] Level 1:colcon.colcon_core.package_identification:_identify(raw/dual_imu_fsync/dual_imo_esp32) by extensions ['cmake', 'python']
[0.137s] Level 1:colcon.colcon_core.package_identification:_identify(raw/dual_imu_fsync/dual_imo_esp32) by extension 'cmake'
[0.137s] Level 1:colcon.colcon_core.package_identification:_identify(raw/dual_imu_fsync/dual_imo_esp32) by extension 'python'
[0.137s] Level 1:colcon.colcon_core.package_identification:_identify(raw/dual_imu_fsync/dual_imo_esp32) by extensions ['python_setup_py']
[0.137s] Level 1:colcon.colcon_core.package_identification:_identify(raw/dual_imu_fsync/dual_imo_esp32) by extension 'python_setup_py'
[0.137s] Level 1:colcon.colcon_core.package_identification:_identify(raw/tmp) by extensions ['ignore', 'ignore_ament_install']
[0.137s] Level 1:colcon.colcon_core.package_identification:_identify(raw/tmp) by extension 'ignore'
[0.137s] Level 1:colcon.colcon_core.package_identification:_identify(raw/tmp) by extension 'ignore_ament_install'
[0.137s] Level 1:colcon.colcon_core.package_identification:_identify(raw/tmp) by extensions ['colcon_pkg']
[0.137s] Level 1:colcon.colcon_core.package_identification:_identify(raw/tmp) by extension 'colcon_pkg'
[0.137s] Level 1:colcon.colcon_core.package_identification:_identify(raw/tmp) by extensions ['colcon_meta']
[0.137s] Level 1:colcon.colcon_core.package_identification:_identify(raw/tmp) by extension 'colcon_meta'
[0.137s] Level 1:colcon.colcon_core.package_identification:_identify(raw/tmp) by extensions ['ros']
[0.137s] Level 1:colcon.colcon_core.package_identification:_identify(raw/tmp) by extension 'ros'
[0.137s] Level 1:colcon.colcon_core.package_identification:_identify(raw/tmp) by extensions ['cmake', 'python']
[0.137s] Level 1:colcon.colcon_core.package_identification:_identify(raw/tmp) by extension 'cmake'
[0.137s] Level 1:colcon.colcon_core.package_identification:_identify(raw/tmp) by extension 'python'
[0.137s] Level 1:colcon.colcon_core.package_identification:_identify(raw/tmp) by extensions ['python_setup_py']
[0.137s] Level 1:colcon.colcon_core.package_identification:_identify(raw/tmp) by extension 'python_setup_py'
[0.137s] Level 1:colcon.colcon_core.package_identification:_identify(state_estimator) by extensions ['ignore', 'ignore_ament_install']
[0.137s] Level 1:colcon.colcon_core.package_identification:_identify(state_estimator) by extension 'ignore'
[0.137s] Level 1:colcon.colcon_core.package_identification:_identify(state_estimator) by extension 'ignore_ament_install'
[0.137s] Level 1:colcon.colcon_core.package_identification:_identify(state_estimator) by extensions ['colcon_pkg']
[0.137s] Level 1:colcon.colcon_core.package_identification:_identify(state_estimator) by extension 'colcon_pkg'
[0.137s] Level 1:colcon.colcon_core.package_identification:_identify(state_estimator) by extensions ['colcon_meta']
[0.137s] Level 1:colcon.colcon_core.package_identification:_identify(state_estimator) by extension 'colcon_meta'
[0.137s] Level 1:colcon.colcon_core.package_identification:_identify(state_estimator) by extensions ['ros']
[0.137s] Level 1:colcon.colcon_core.package_identification:_identify(state_estimator) by extension 'ros'
[0.139s] DEBUG:colcon.colcon_core.package_identification:Package 'state_estimator' with type 'ros.ament_python' and name 'state_estimator'
[0.139s] Level 1:colcon.colcon_core.package_discovery:discover_packages(recursive) using defaults
[0.139s] Level 1:colcon.colcon_core.package_discovery:discover_packages(ignore) discover
[0.139s] Level 1:colcon.colcon_core.package_discovery:discover_packages(ignore) using defaults
[0.139s] Level 1:colcon.colcon_core.package_discovery:discover_packages(path) discover
[0.139s] Level 1:colcon.colcon_core.package_discovery:discover_packages(path) using defaults
[0.154s] Level 1:colcon.colcon_core.package_discovery:discover_packages(prefix_path) check parameters
[0.154s] Level 1:colcon.colcon_core.package_discovery:discover_packages(prefix_path) discover
[0.156s] DEBUG:colcon.colcon_installed_package_information.package_discovery:Found 337 installed packages in /opt/ros/humble
[0.157s] Level 1:colcon.colcon_core.package_discovery:discover_packages(prefix_path) using defaults
[0.179s] Level 5:colcon.colcon_core.verb:set package 'state_estimator' build argument 'cmake_args' from command line to 'None'
[0.179s] Level 5:colcon.colcon_core.verb:set package 'state_estimator' build argument 'cmake_target' from command line to 'None'
[0.180s] Level 5:colcon.colcon_core.verb:set package 'state_estimator' build argument 'cmake_target_skip_unavailable' from command line to 'False'
[0.180s] Level 5:colcon.colcon_core.verb:set package 'state_estimator' build argument 'cmake_clean_cache' from command line to 'False'
[0.180s] Level 5:colcon.colcon_core.verb:set package 'state_estimator' build argument 'cmake_clean_first' from command line to 'False'
[0.180s] Level 5:colcon.colcon_core.verb:set package 'state_estimator' build argument 'cmake_force_configure' from command line to 'False'
[0.180s] Level 5:colcon.colcon_core.verb:set package 'state_estimator' build argument 'ament_cmake_args' from command line to 'None'
[0.180s] Level 5:colcon.colcon_core.verb:set package 'state_estimator' build argument 'catkin_cmake_args' from command line to 'None'
[0.180s] Level 5:colcon.colcon_core.verb:set package 'state_estimator' build argument 'catkin_skip_building_tests' from command line to 'False'
[0.180s] DEBUG:colcon.colcon_core.verb:Building package 'state_estimator' with the following arguments: {'ament_cmake_args': None, 'build_base': '/home/vatshvan/GahanAi_GNSS_DR_IMU/build/state_estimator', 'catkin_cmake_args': None, 'catkin_skip_building_tests': False, 'cmake_args': None, 'cmake_clean_cache': False, 'cmake_clean_first': False, 'cmake_force_configure': False, 'cmake_target': None, 'cmake_target_skip_unavailable': False, 'install_base': '/home/vatshvan/GahanAi_GNSS_DR_IMU/install/state_estimator', 'merge_install': False, 'path': '/home/vatshvan/GahanAi_GNSS_DR_IMU/state_estimator', 'symlink_install': True, 'test_result_base': None}
[0.180s] INFO:colcon.colcon_core.executor:Executing jobs using 'parallel' executor
[0.180s] DEBUG:colcon.colcon_parallel_executor.executor.parallel:run_until_complete
[0.181s] INFO:colcon.colcon_ros.task.ament_python.build:Building ROS package in '/home/vatshvan/GahanAi_GNSS_DR_IMU/state_estimator' with build type 'ament_python'
[0.181s] Level 1:colcon.colcon_core.shell:create_environment_hook('state_estimator', 'ament_prefix_path')
[0.183s] INFO:colcon.colcon_core.plugin_system:Skipping extension 'colcon_core.shell.bat': Not used on non-Windows systems
[0.183s] INFO:colcon.colcon_core.shell:Creating environment hook '/home/vatshvan/GahanAi_GNSS_DR_IMU/install/state_estimator/share/state_estimator/hook/ament_prefix_path.ps1'
[0.183s] INFO:colcon.colcon_core.shell:Creating environment descriptor '/home/vatshvan/GahanAi_GNSS_DR_IMU/install/state_estimator/share/state_estimator/hook/ament_prefix_path.dsv'
[0.184s] INFO:colcon.colcon_core.shell:Creating environment hook '/home/vatshvan/GahanAi_GNSS_DR_IMU/install/state_estimator/share/state_estimator/hook/ament_prefix_path.sh'
[0.184s] INFO:colcon.colcon_core.shell:Skip shell extension 'powershell' for command environment: Not usable outside of PowerShell
[0.184s] DEBUG:colcon.colcon_core.shell:Skip shell extension 'dsv' for command environment
[0.307s] INFO:colcon.colcon_core.task.python.build:Building Python package in '/home/vatshvan/GahanAi_GNSS_DR_IMU/state_estimator'
[0.307s] INFO:colcon.colcon_core.shell:Skip shell extension 'powershell' for command environment: Not usable outside of PowerShell
[0.307s] DEBUG:colcon.colcon_core.shell:Skip shell extension 'dsv' for command environment
[0.638s] DEBUG:colcon.colcon_core.task.python.build:While undoing a previous installation files outside the Python library path are being ignored: /home/vatshvan/GahanAi_GNSS_DR_IMU/install/state_estimator/share/ament_index/resource_index/packages/state_estimator
[0.638s] DEBUG:colcon.colcon_core.task.python.build:While undoing a previous installation files outside the Python library path are being ignored: /home/vatshvan/GahanAi_GNSS_DR_IMU/install/state_estimator/share/state_estimator/package.xml
[0.639s] DEBUG:colcon.colcon_core.task.python.build:While undoing a previous installation files outside the Python library path are being ignored: /home/vatshvan/GahanAi_GNSS_DR_IMU/install/state_estimator/share/state_estimator/launch/ekf_vehicle_launch.py
[0.639s] DEBUG:colcon.colcon_core.task.python.build:While undoing a previous installation files outside the Python library path are being ignored: /home/vatshvan/GahanAi_GNSS_DR_IMU/install/state_estimator/share/state_estimator/config/ekf_params.yaml
[0.639s] DEBUG:colcon.colcon_core.task.python.build:While undoing a previous installation files outside the Python library path are being ignored: /home/vatshvan/GahanAi_GNSS_DR_IMU/install/state_estimator/lib/state_estimator/ekf_node
[0.640s] DEBUG:colcon.colcon_core.event_handler.log_command:Invoking command in '/home/vatshvan/GahanAi_GNSS_DR_IMU/build/state_estimator': PYTHONPATH=/home/vatshvan/GahanAi_GNSS_DR_IMU/build/state_estimator/prefix_override:/usr/lib/python3/dist-packages/colcon_core/task/python/colcon_distutils_commands:/home/vatshvan/GahanAi_GNSS_DR_IMU/install/state_estimator/lib/python3.10/site-packages:${PYTHONPATH} /usr/bin/python3 -W ignore:setup.py install is deprecated -W ignore:easy_install command is deprecated setup.py develop --editable --build-directory /home/vatshvan/GahanAi_GNSS_DR_IMU/build/state_estimator/build --no-deps symlink_data --force
[1.000s] Level 1:colcon.colcon_core.shell:create_environment_hook('state_estimator', 'pythonpath_develop')
[1.001s] INFO:colcon.colcon_core.shell:Creating environment hook '/home/vatshvan/GahanAi_GNSS_DR_IMU/build/state_estimator/share/state_estimator/hook/pythonpath_develop.ps1'
[1.001s] DEBUG:colcon.colcon_core.event_handler.log_command:Invoked command in '/home/vatshvan/GahanAi_GNSS_DR_IMU/build/state_estimator' returned '0': PYTHONPATH=/home/vatshvan/GahanAi_GNSS_DR_IMU/build/state_estimator/prefix_override:/usr/lib/python3/dist-packages/colcon_core/task/python/colcon_distutils_commands:/home/vatshvan/GahanAi_GNSS_DR_IMU/install/state_estimator/lib/python3.10/site-packages:${PYTHONPATH} /usr/bin/python3 -W ignore:setup.py install is deprecated -W ignore:easy_install command is deprecated setup.py develop --editable --build-directory /home/vatshvan/GahanAi_GNSS_DR_IMU/build/state_estimator/build --no-deps symlink_data --force
[1.001s] INFO:colcon.colcon_core.shell:Creating environment descriptor '/home/vatshvan/GahanAi_GNSS_DR_IMU/build/state_estimator/share/state_estimator/hook/pythonpath_develop.dsv'
[1.002s] INFO:colcon.colcon_core.shell:Creating environment hook '/home/vatshvan/GahanAi_GNSS_DR_IMU/build/state_estimator/share/state_estimator/hook/pythonpath_develop.sh'
[1.005s] Level 1:colcon.colcon_core.environment:checking '/home/vatshvan/GahanAi_GNSS_DR_IMU/install/state_estimator' for CMake module files
[1.005s] Level 1:colcon.colcon_core.environment:checking '/home/vatshvan/GahanAi_GNSS_DR_IMU/install/state_estimator' for CMake config files
[1.005s] Level 1:colcon.colcon_core.environment:checking '/home/vatshvan/GahanAi_GNSS_DR_IMU/install/state_estimator/lib'
[1.006s] Level 1:colcon.colcon_core.environment:checking '/home/vatshvan/GahanAi_GNSS_DR_IMU/install/state_estimator/bin'
[1.006s] Level 1:colcon.colcon_core.environment:checking '/home/vatshvan/GahanAi_GNSS_DR_IMU/install/state_estimator/lib/pkgconfig/state_estimator.pc'
[1.006s] Level 1:colcon.colcon_core.environment:checking '/home/vatshvan/GahanAi_GNSS_DR_IMU/install/state_estimator/lib/python3.10/site-packages'
[1.006s] Level 1:colcon.colcon_core.shell:create_environment_hook('state_estimator', 'pythonpath')
[1.006s] INFO:colcon.colcon_core.shell:Creating environment hook '/home/vatshvan/GahanAi_GNSS_DR_IMU/install/state_estimator/share/state_estimator/hook/pythonpath.ps1'
[1.006s] INFO:colcon.colcon_core.shell:Creating environment descriptor '/home/vatshvan/GahanAi_GNSS_DR_IMU/install/state_estimator/share/state_estimator/hook/pythonpath.dsv'
[1.006s] INFO:colcon.colcon_core.shell:Creating environment hook '/home/vatshvan/GahanAi_GNSS_DR_IMU/install/state_estimator/share/state_estimator/hook/pythonpath.sh'
[1.007s] Level 1:colcon.colcon_core.environment:checking '/home/vatshvan/GahanAi_GNSS_DR_IMU/install/state_estimator/bin'
[1.007s] Level 1:colcon.colcon_core.environment:create_environment_scripts_only(state_estimator)
[1.007s] INFO:colcon.colcon_core.shell:Creating package script '/home/vatshvan/GahanAi_GNSS_DR_IMU/install/state_estimator/share/state_estimator/package.ps1'
[1.007s] INFO:colcon.colcon_core.shell:Creating package descriptor '/home/vatshvan/GahanAi_GNSS_DR_IMU/install/state_estimator/share/state_estimator/package.dsv'
[1.008s] INFO:colcon.colcon_core.shell:Creating package script '/home/vatshvan/GahanAi_GNSS_DR_IMU/install/state_estimator/share/state_estimator/package.sh'
[1.008s] INFO:colcon.colcon_core.shell:Creating package script '/home/vatshvan/GahanAi_GNSS_DR_IMU/install/state_estimator/share/state_estimator/package.bash'
[1.009s] INFO:colcon.colcon_core.shell:Creating package script '/home/vatshvan/GahanAi_GNSS_DR_IMU/install/state_estimator/share/state_estimator/package.zsh'
[1.009s] Level 1:colcon.colcon_core.environment:create_file_with_runtime_dependencies(/home/vatshvan/GahanAi_GNSS_DR_IMU/install/state_estimator/share/colcon-core/packages/state_estimator)
[1.010s] DEBUG:colcon.colcon_parallel_executor.executor.parallel:closing loop
[1.010s] DEBUG:colcon.colcon_parallel_executor.executor.parallel:loop closed
[1.010s] DEBUG:colcon.colcon_parallel_executor.executor.parallel:run_until_complete finished with '0'
[1.010s] DEBUG:colcon.colcon_core.event_reactor:joining thread
[1.013s] INFO:colcon.colcon_core.plugin_system:Skipping extension 'colcon_notification.desktop_notification.terminal_notifier': Not used on non-Darwin systems
[1.013s] INFO:colcon.colcon_core.plugin_system:Skipping extension 'colcon_notification.desktop_notification.win32': Not used on non-Windows systems
[1.013s] INFO:colcon.colcon_notification.desktop_notification:Sending desktop notification using 'notify2'
[1.021s] DEBUG:colcon.colcon_core.event_reactor:joined thread
[1.022s] INFO:colcon.colcon_core.shell:Creating prefix script '/home/vatshvan/GahanAi_GNSS_DR_IMU/install/local_setup.ps1'
[1.022s] INFO:colcon.colcon_core.shell:Creating prefix util module '/home/vatshvan/GahanAi_GNSS_DR_IMU/install/_local_setup_util_ps1.py'
[1.023s] INFO:colcon.colcon_core.shell:Creating prefix chain script '/home/vatshvan/GahanAi_GNSS_DR_IMU/install/setup.ps1'
[1.024s] INFO:colcon.colcon_core.shell:Creating prefix script '/home/vatshvan/GahanAi_GNSS_DR_IMU/install/local_setup.sh'
[1.024s] INFO:colcon.colcon_core.shell:Creating prefix util module '/home/vatshvan/GahanAi_GNSS_DR_IMU/install/_local_setup_util_sh.py'
[1.025s] INFO:colcon.colcon_core.shell:Creating prefix chain script '/home/vatshvan/GahanAi_GNSS_DR_IMU/install/setup.sh'
[1.025s] INFO:colcon.colcon_core.shell:Creating prefix script '/home/vatshvan/GahanAi_GNSS_DR_IMU/install/local_setup.bash'
[1.026s] INFO:colcon.colcon_core.shell:Creating prefix chain script '/home/vatshvan/GahanAi_GNSS_DR_IMU/install/setup.bash'
[1.026s] INFO:colcon.colcon_core.shell:Creating prefix script '/home/vatshvan/GahanAi_GNSS_DR_IMU/install/local_setup.zsh'
[1.026s] INFO:colcon.colcon_core.shell:Creating prefix chain script '/home/vatshvan/GahanAi_GNSS_DR_IMU/install/setup.zsh'
